2025-08-18 11:39:52 [ERROR]: Application Error logger.info is not a function
TypeError: logger.info is not a function
    at exports.getPerformanceData (/home/kali/Downloads/cyberrangev1-main/backend/controllers/analyticsController.js:11:10)
    at Layer.handleRequest (/home/kali/Downloads/cyberrangev1-main/backend/node_modules/router/lib/layer.js:152:17)
    at next (/home/kali/Downloads/cyberrangev1-main/backend/node_modules/router/lib/route.js:157:13)
    at exports.auth (/home/kali/Downloads/cyberrangev1-main/backend/middleware/auth.js:43:5)
    at Layer.handleRequest (/home/kali/Downloads/cyberrangev1-main/backend/node_modules/router/lib/layer.js:152:17)
    at next (/home/kali/Downloads/cyberrangev1-main/backend/node_modules/router/lib/route.js:157:13)
    at Route.dispatch (/home/kali/Downloads/cyberrangev1-main/backend/node_modules/router/lib/route.js:117:3)
    at handle (/home/kali/Downloads/cyberrangev1-main/backend/node_modules/router/index.js:435:11)
    at Layer.handleRequest (/home/kali/Downloads/cyberrangev1-main/backend/node_modules/router/lib/layer.js:152:17)
    at /home/kali/Downloads/cyberrangev1-main/backend/node_modules/router/index.js:295:15
Metadata: {
  "service": "cyber-range-backend",
  "category": "ERROR",
  "name": "TypeError",
  "request": {
    "method": "GET",
    "url": "/api/analytics/performance?range=month",
    "ip": "::ffff:127.0.0.1",
    "userAgent": "Mozilla/5.0 (X11; Linux x86_64; rv:128.0) Gecko/20100101 Firefox/128.0",
    "userId": 1
  }
}
2025-08-18 11:39:52 [ERROR]: Application Error logger.info is not a function
TypeError: logger.info is not a function
    at exports.getPerformanceData (/home/kali/Downloads/cyberrangev1-main/backend/controllers/analyticsController.js:11:10)
    at Layer.handleRequest (/home/kali/Downloads/cyberrangev1-main/backend/node_modules/router/lib/layer.js:152:17)
    at next (/home/kali/Downloads/cyberrangev1-main/backend/node_modules/router/lib/route.js:157:13)
    at exports.auth (/home/kali/Downloads/cyberrangev1-main/backend/middleware/auth.js:43:5)
    at Layer.handleRequest (/home/kali/Downloads/cyberrangev1-main/backend/node_modules/router/lib/layer.js:152:17)
    at next (/home/kali/Downloads/cyberrangev1-main/backend/node_modules/router/lib/route.js:157:13)
    at Route.dispatch (/home/kali/Downloads/cyberrangev1-main/backend/node_modules/router/lib/route.js:117:3)
    at handle (/home/kali/Downloads/cyberrangev1-main/backend/node_modules/router/index.js:435:11)
    at Layer.handleRequest (/home/kali/Downloads/cyberrangev1-main/backend/node_modules/router/lib/layer.js:152:17)
    at /home/kali/Downloads/cyberrangev1-main/backend/node_modules/router/index.js:295:15
Metadata: {
  "service": "cyber-range-backend",
  "category": "ERROR",
  "name": "TypeError",
  "request": {
    "method": "GET",
    "url": "/api/analytics/performance?range=month",
    "ip": "::ffff:127.0.0.1",
    "userAgent": "Mozilla/5.0 (X11; Linux x86_64; rv:128.0) Gecko/20100101 Firefox/128.0",
    "userId": 1
  }
}
2025-08-18 11:39:52 [ERROR]: Application Error logger.info is not a function
TypeError: logger.info is not a function
    at exports.getCategoryData (/home/kali/Downloads/cyberrangev1-main/backend/controllers/analyticsController.js:146:10)
    at Layer.handleRequest (/home/kali/Downloads/cyberrangev1-main/backend/node_modules/router/lib/layer.js:152:17)
    at next (/home/kali/Downloads/cyberrangev1-main/backend/node_modules/router/lib/route.js:157:13)
    at exports.auth (/home/kali/Downloads/cyberrangev1-main/backend/middleware/auth.js:43:5)
    at Layer.handleRequest (/home/kali/Downloads/cyberrangev1-main/backend/node_modules/router/lib/layer.js:152:17)
    at next (/home/kali/Downloads/cyberrangev1-main/backend/node_modules/router/lib/route.js:157:13)
    at Route.dispatch (/home/kali/Downloads/cyberrangev1-main/backend/node_modules/router/lib/route.js:117:3)
    at handle (/home/kali/Downloads/cyberrangev1-main/backend/node_modules/router/index.js:435:11)
    at Layer.handleRequest (/home/kali/Downloads/cyberrangev1-main/backend/node_modules/router/lib/layer.js:152:17)
    at /home/kali/Downloads/cyberrangev1-main/backend/node_modules/router/index.js:295:15
Metadata: {
  "service": "cyber-range-backend",
  "category": "ERROR",
  "name": "TypeError",
  "request": {
    "method": "GET",
    "url": "/api/analytics/categories?range=month",
    "ip": "::ffff:127.0.0.1",
    "userAgent": "Mozilla/5.0 (X11; Linux x86_64; rv:128.0) Gecko/20100101 Firefox/128.0",
    "userId": 1
  }
}
2025-08-18 11:39:52 [ERROR]: Application Error logger.info is not a function
TypeError: logger.info is not a function
    at exports.getCategoryData (/home/kali/Downloads/cyberrangev1-main/backend/controllers/analyticsController.js:146:10)
    at Layer.handleRequest (/home/kali/Downloads/cyberrangev1-main/backend/node_modules/router/lib/layer.js:152:17)
    at next (/home/kali/Downloads/cyberrangev1-main/backend/node_modules/router/lib/route.js:157:13)
    at exports.auth (/home/kali/Downloads/cyberrangev1-main/backend/middleware/auth.js:43:5)
    at Layer.handleRequest (/home/kali/Downloads/cyberrangev1-main/backend/node_modules/router/lib/layer.js:152:17)
    at next (/home/kali/Downloads/cyberrangev1-main/backend/node_modules/router/lib/route.js:157:13)
    at Route.dispatch (/home/kali/Downloads/cyberrangev1-main/backend/node_modules/router/lib/route.js:117:3)
    at handle (/home/kali/Downloads/cyberrangev1-main/backend/node_modules/router/index.js:435:11)
    at Layer.handleRequest (/home/kali/Downloads/cyberrangev1-main/backend/node_modules/router/lib/layer.js:152:17)
    at /home/kali/Downloads/cyberrangev1-main/backend/node_modules/router/index.js:295:15
Metadata: {
  "service": "cyber-range-backend",
  "category": "ERROR",
  "name": "TypeError",
  "request": {
    "method": "GET",
    "url": "/api/analytics/categories?range=month",
    "ip": "::ffff:127.0.0.1",
    "userAgent": "Mozilla/5.0 (X11; Linux x86_64; rv:128.0) Gecko/20100101 Firefox/128.0",
    "userId": 1
  }
}
2025-08-18 11:40:54 [ERROR]: Application Error logger.info is not a function
TypeError: logger.info is not a function
    at exports.getPerformanceData (/home/kali/Downloads/cyberrangev1-main/backend/controllers/analyticsController.js:11:10)
    at Layer.handleRequest (/home/kali/Downloads/cyberrangev1-main/backend/node_modules/router/lib/layer.js:152:17)
    at next (/home/kali/Downloads/cyberrangev1-main/backend/node_modules/router/lib/route.js:157:13)
    at exports.auth (/home/kali/Downloads/cyberrangev1-main/backend/middleware/auth.js:43:5)
    at Layer.handleRequest (/home/kali/Downloads/cyberrangev1-main/backend/node_modules/router/lib/layer.js:152:17)
    at next (/home/kali/Downloads/cyberrangev1-main/backend/node_modules/router/lib/route.js:157:13)
    at Route.dispatch (/home/kali/Downloads/cyberrangev1-main/backend/node_modules/router/lib/route.js:117:3)
    at handle (/home/kali/Downloads/cyberrangev1-main/backend/node_modules/router/index.js:435:11)
    at Layer.handleRequest (/home/kali/Downloads/cyberrangev1-main/backend/node_modules/router/lib/layer.js:152:17)
    at /home/kali/Downloads/cyberrangev1-main/backend/node_modules/router/index.js:295:15
Metadata: {
  "service": "cyber-range-backend",
  "category": "ERROR",
  "name": "TypeError",
  "request": {
    "method": "GET",
    "url": "/api/analytics/performance?range=month",
    "ip": "::ffff:127.0.0.1",
    "userAgent": "Mozilla/5.0 (X11; Linux x86_64; rv:128.0) Gecko/20100101 Firefox/128.0",
    "userId": 1
  }
}
2025-08-18 11:40:54 [ERROR]: Application Error logger.info is not a function
TypeError: logger.info is not a function
    at exports.getCategoryData (/home/kali/Downloads/cyberrangev1-main/backend/controllers/analyticsController.js:146:10)
    at Layer.handleRequest (/home/kali/Downloads/cyberrangev1-main/backend/node_modules/router/lib/layer.js:152:17)
    at next (/home/kali/Downloads/cyberrangev1-main/backend/node_modules/router/lib/route.js:157:13)
    at exports.auth (/home/kali/Downloads/cyberrangev1-main/backend/middleware/auth.js:43:5)
    at Layer.handleRequest (/home/kali/Downloads/cyberrangev1-main/backend/node_modules/router/lib/layer.js:152:17)
    at next (/home/kali/Downloads/cyberrangev1-main/backend/node_modules/router/lib/route.js:157:13)
    at Route.dispatch (/home/kali/Downloads/cyberrangev1-main/backend/node_modules/router/lib/route.js:117:3)
    at handle (/home/kali/Downloads/cyberrangev1-main/backend/node_modules/router/index.js:435:11)
    at Layer.handleRequest (/home/kali/Downloads/cyberrangev1-main/backend/node_modules/router/lib/layer.js:152:17)
    at /home/kali/Downloads/cyberrangev1-main/backend/node_modules/router/index.js:295:15
Metadata: {
  "service": "cyber-range-backend",
  "category": "ERROR",
  "name": "TypeError",
  "request": {
    "method": "GET",
    "url": "/api/analytics/categories?range=month",
    "ip": "::ffff:127.0.0.1",
    "userAgent": "Mozilla/5.0 (X11; Linux x86_64; rv:128.0) Gecko/20100101 Firefox/128.0",
    "userId": 1
  }
}
2025-08-18 11:40:54 [ERROR]: Application Error logger.info is not a function
TypeError: logger.info is not a function
    at exports.getCategoryData (/home/kali/Downloads/cyberrangev1-main/backend/controllers/analyticsController.js:146:10)
    at Layer.handleRequest (/home/kali/Downloads/cyberrangev1-main/backend/node_modules/router/lib/layer.js:152:17)
    at next (/home/kali/Downloads/cyberrangev1-main/backend/node_modules/router/lib/route.js:157:13)
    at exports.auth (/home/kali/Downloads/cyberrangev1-main/backend/middleware/auth.js:43:5)
    at Layer.handleRequest (/home/kali/Downloads/cyberrangev1-main/backend/node_modules/router/lib/layer.js:152:17)
    at next (/home/kali/Downloads/cyberrangev1-main/backend/node_modules/router/lib/route.js:157:13)
    at Route.dispatch (/home/kali/Downloads/cyberrangev1-main/backend/node_modules/router/lib/route.js:117:3)
    at handle (/home/kali/Downloads/cyberrangev1-main/backend/node_modules/router/index.js:435:11)
    at Layer.handleRequest (/home/kali/Downloads/cyberrangev1-main/backend/node_modules/router/lib/layer.js:152:17)
    at /home/kali/Downloads/cyberrangev1-main/backend/node_modules/router/index.js:295:15
Metadata: {
  "service": "cyber-range-backend",
  "category": "ERROR",
  "name": "TypeError",
  "request": {
    "method": "GET",
    "url": "/api/analytics/categories?range=month",
    "ip": "::ffff:127.0.0.1",
    "userAgent": "Mozilla/5.0 (X11; Linux x86_64; rv:128.0) Gecko/20100101 Firefox/128.0",
    "userId": 1
  }
}
2025-08-18 11:40:54 [ERROR]: Application Error logger.info is not a function
TypeError: logger.info is not a function
    at exports.getPerformanceData (/home/kali/Downloads/cyberrangev1-main/backend/controllers/analyticsController.js:11:10)
    at Layer.handleRequest (/home/kali/Downloads/cyberrangev1-main/backend/node_modules/router/lib/layer.js:152:17)
    at next (/home/kali/Downloads/cyberrangev1-main/backend/node_modules/router/lib/route.js:157:13)
    at exports.auth (/home/kali/Downloads/cyberrangev1-main/backend/middleware/auth.js:43:5)
    at Layer.handleRequest (/home/kali/Downloads/cyberrangev1-main/backend/node_modules/router/lib/layer.js:152:17)
    at next (/home/kali/Downloads/cyberrangev1-main/backend/node_modules/router/lib/route.js:157:13)
    at Route.dispatch (/home/kali/Downloads/cyberrangev1-main/backend/node_modules/router/lib/route.js:117:3)
    at handle (/home/kali/Downloads/cyberrangev1-main/backend/node_modules/router/index.js:435:11)
    at Layer.handleRequest (/home/kali/Downloads/cyberrangev1-main/backend/node_modules/router/lib/layer.js:152:17)
    at /home/kali/Downloads/cyberrangev1-main/backend/node_modules/router/index.js:295:15
Metadata: {
  "service": "cyber-range-backend",
  "category": "ERROR",
  "name": "TypeError",
  "request": {
    "method": "GET",
    "url": "/api/analytics/performance?range=month",
    "ip": "::ffff:127.0.0.1",
    "userAgent": "Mozilla/5.0 (X11; Linux x86_64; rv:128.0) Gecko/20100101 Firefox/128.0",
    "userId": 1
  }
}
2025-08-18 11:42:24 [ERROR]: Application Error logger.info is not a function
TypeError: logger.info is not a function
    at exports.getPerformanceData (/home/kali/Downloads/cyberrangev1-main/backend/controllers/analyticsController.js:11:10)
    at Layer.handleRequest (/home/kali/Downloads/cyberrangev1-main/backend/node_modules/router/lib/layer.js:152:17)
    at next (/home/kali/Downloads/cyberrangev1-main/backend/node_modules/router/lib/route.js:157:13)
    at exports.auth (/home/kali/Downloads/cyberrangev1-main/backend/middleware/auth.js:43:5)
    at Layer.handleRequest (/home/kali/Downloads/cyberrangev1-main/backend/node_modules/router/lib/layer.js:152:17)
    at next (/home/kali/Downloads/cyberrangev1-main/backend/node_modules/router/lib/route.js:157:13)
    at Route.dispatch (/home/kali/Downloads/cyberrangev1-main/backend/node_modules/router/lib/route.js:117:3)
    at handle (/home/kali/Downloads/cyberrangev1-main/backend/node_modules/router/index.js:435:11)
    at Layer.handleRequest (/home/kali/Downloads/cyberrangev1-main/backend/node_modules/router/lib/layer.js:152:17)
    at /home/kali/Downloads/cyberrangev1-main/backend/node_modules/router/index.js:295:15
Metadata: {
  "service": "cyber-range-backend",
  "category": "ERROR",
  "name": "TypeError",
  "request": {
    "method": "GET",
    "url": "/api/analytics/performance?range=month",
    "ip": "::ffff:127.0.0.1",
    "userAgent": "Mozilla/5.0 (X11; Linux x86_64; rv:128.0) Gecko/20100101 Firefox/128.0",
    "userId": 1
  }
}
2025-08-18 11:42:24 [ERROR]: Application Error logger.info is not a function
TypeError: logger.info is not a function
    at exports.getPerformanceData (/home/kali/Downloads/cyberrangev1-main/backend/controllers/analyticsController.js:11:10)
    at Layer.handleRequest (/home/kali/Downloads/cyberrangev1-main/backend/node_modules/router/lib/layer.js:152:17)
    at next (/home/kali/Downloads/cyberrangev1-main/backend/node_modules/router/lib/route.js:157:13)
    at exports.auth (/home/kali/Downloads/cyberrangev1-main/backend/middleware/auth.js:43:5)
    at Layer.handleRequest (/home/kali/Downloads/cyberrangev1-main/backend/node_modules/router/lib/layer.js:152:17)
    at next (/home/kali/Downloads/cyberrangev1-main/backend/node_modules/router/lib/route.js:157:13)
    at Route.dispatch (/home/kali/Downloads/cyberrangev1-main/backend/node_modules/router/lib/route.js:117:3)
    at handle (/home/kali/Downloads/cyberrangev1-main/backend/node_modules/router/index.js:435:11)
    at Layer.handleRequest (/home/kali/Downloads/cyberrangev1-main/backend/node_modules/router/lib/layer.js:152:17)
    at /home/kali/Downloads/cyberrangev1-main/backend/node_modules/router/index.js:295:15
Metadata: {
  "service": "cyber-range-backend",
  "category": "ERROR",
  "name": "TypeError",
  "request": {
    "method": "GET",
    "url": "/api/analytics/performance?range=month",
    "ip": "::ffff:127.0.0.1",
    "userAgent": "Mozilla/5.0 (X11; Linux x86_64; rv:128.0) Gecko/20100101 Firefox/128.0",
    "userId": 1
  }
}
2025-08-18 11:42:24 [ERROR]: Application Error logger.info is not a function
TypeError: logger.info is not a function
    at exports.getCategoryData (/home/kali/Downloads/cyberrangev1-main/backend/controllers/analyticsController.js:146:10)
    at Layer.handleRequest (/home/kali/Downloads/cyberrangev1-main/backend/node_modules/router/lib/layer.js:152:17)
    at next (/home/kali/Downloads/cyberrangev1-main/backend/node_modules/router/lib/route.js:157:13)
    at exports.auth (/home/kali/Downloads/cyberrangev1-main/backend/middleware/auth.js:43:5)
    at Layer.handleRequest (/home/kali/Downloads/cyberrangev1-main/backend/node_modules/router/lib/layer.js:152:17)
    at next (/home/kali/Downloads/cyberrangev1-main/backend/node_modules/router/lib/route.js:157:13)
    at Route.dispatch (/home/kali/Downloads/cyberrangev1-main/backend/node_modules/router/lib/route.js:117:3)
    at handle (/home/kali/Downloads/cyberrangev1-main/backend/node_modules/router/index.js:435:11)
    at Layer.handleRequest (/home/kali/Downloads/cyberrangev1-main/backend/node_modules/router/lib/layer.js:152:17)
    at /home/kali/Downloads/cyberrangev1-main/backend/node_modules/router/index.js:295:15
Metadata: {
  "service": "cyber-range-backend",
  "category": "ERROR",
  "name": "TypeError",
  "request": {
    "method": "GET",
    "url": "/api/analytics/categories?range=month",
    "ip": "::ffff:127.0.0.1",
    "userAgent": "Mozilla/5.0 (X11; Linux x86_64; rv:128.0) Gecko/20100101 Firefox/128.0",
    "userId": 1
  }
}
2025-08-18 11:42:24 [ERROR]: Application Error logger.info is not a function
TypeError: logger.info is not a function
    at exports.getCategoryData (/home/kali/Downloads/cyberrangev1-main/backend/controllers/analyticsController.js:146:10)
    at Layer.handleRequest (/home/kali/Downloads/cyberrangev1-main/backend/node_modules/router/lib/layer.js:152:17)
    at next (/home/kali/Downloads/cyberrangev1-main/backend/node_modules/router/lib/route.js:157:13)
    at exports.auth (/home/kali/Downloads/cyberrangev1-main/backend/middleware/auth.js:43:5)
    at Layer.handleRequest (/home/kali/Downloads/cyberrangev1-main/backend/node_modules/router/lib/layer.js:152:17)
    at next (/home/kali/Downloads/cyberrangev1-main/backend/node_modules/router/lib/route.js:157:13)
    at Route.dispatch (/home/kali/Downloads/cyberrangev1-main/backend/node_modules/router/lib/route.js:117:3)
    at handle (/home/kali/Downloads/cyberrangev1-main/backend/node_modules/router/index.js:435:11)
    at Layer.handleRequest (/home/kali/Downloads/cyberrangev1-main/backend/node_modules/router/lib/layer.js:152:17)
    at /home/kali/Downloads/cyberrangev1-main/backend/node_modules/router/index.js:295:15
Metadata: {
  "service": "cyber-range-backend",
  "category": "ERROR",
  "name": "TypeError",
  "request": {
    "method": "GET",
    "url": "/api/analytics/categories?range=month",
    "ip": "::ffff:127.0.0.1",
    "userAgent": "Mozilla/5.0 (X11; Linux x86_64; rv:128.0) Gecko/20100101 Firefox/128.0",
    "userId": 1
  }
}
2025-08-18 13:33:56 [ERROR]: Application Error logger.info is not a function
TypeError: logger.info is not a function
    at exports.getPerformanceData (/home/kali/Downloads/cyberrangev1-main/backend/controllers/analyticsController.js:11:10)
    at Layer.handleRequest (/home/kali/Downloads/cyberrangev1-main/backend/node_modules/router/lib/layer.js:152:17)
    at next (/home/kali/Downloads/cyberrangev1-main/backend/node_modules/router/lib/route.js:157:13)
    at exports.auth (/home/kali/Downloads/cyberrangev1-main/backend/middleware/auth.js:43:5)
    at Layer.handleRequest (/home/kali/Downloads/cyberrangev1-main/backend/node_modules/router/lib/layer.js:152:17)
    at next (/home/kali/Downloads/cyberrangev1-main/backend/node_modules/router/lib/route.js:157:13)
    at Route.dispatch (/home/kali/Downloads/cyberrangev1-main/backend/node_modules/router/lib/route.js:117:3)
    at handle (/home/kali/Downloads/cyberrangev1-main/backend/node_modules/router/index.js:435:11)
    at Layer.handleRequest (/home/kali/Downloads/cyberrangev1-main/backend/node_modules/router/lib/layer.js:152:17)
    at /home/kali/Downloads/cyberrangev1-main/backend/node_modules/router/index.js:295:15
Metadata: {
  "service": "cyber-range-backend",
  "category": "ERROR",
  "name": "TypeError",
  "request": {
    "method": "GET",
    "url": "/api/analytics/performance?range=month",
    "ip": "::ffff:127.0.0.1",
    "userAgent": "Mozilla/5.0 (X11; Linux x86_64; rv:128.0) Gecko/20100101 Firefox/128.0",
    "userId": 1
  }
}
2025-08-18 13:33:56 [ERROR]: Application Error logger.info is not a function
TypeError: logger.info is not a function
    at exports.getPerformanceData (/home/kali/Downloads/cyberrangev1-main/backend/controllers/analyticsController.js:11:10)
    at Layer.handleRequest (/home/kali/Downloads/cyberrangev1-main/backend/node_modules/router/lib/layer.js:152:17)
    at next (/home/kali/Downloads/cyberrangev1-main/backend/node_modules/router/lib/route.js:157:13)
    at exports.auth (/home/kali/Downloads/cyberrangev1-main/backend/middleware/auth.js:43:5)
    at Layer.handleRequest (/home/kali/Downloads/cyberrangev1-main/backend/node_modules/router/lib/layer.js:152:17)
    at next (/home/kali/Downloads/cyberrangev1-main/backend/node_modules/router/lib/route.js:157:13)
    at Route.dispatch (/home/kali/Downloads/cyberrangev1-main/backend/node_modules/router/lib/route.js:117:3)
    at handle (/home/kali/Downloads/cyberrangev1-main/backend/node_modules/router/index.js:435:11)
    at Layer.handleRequest (/home/kali/Downloads/cyberrangev1-main/backend/node_modules/router/lib/layer.js:152:17)
    at /home/kali/Downloads/cyberrangev1-main/backend/node_modules/router/index.js:295:15
Metadata: {
  "service": "cyber-range-backend",
  "category": "ERROR",
  "name": "TypeError",
  "request": {
    "method": "GET",
    "url": "/api/analytics/performance?range=month",
    "ip": "::ffff:127.0.0.1",
    "userAgent": "Mozilla/5.0 (X11; Linux x86_64; rv:128.0) Gecko/20100101 Firefox/128.0",
    "userId": 1
  }
}
2025-08-18 13:33:56 [ERROR]: Application Error logger.info is not a function
TypeError: logger.info is not a function
    at exports.getCategoryData (/home/kali/Downloads/cyberrangev1-main/backend/controllers/analyticsController.js:146:10)
    at Layer.handleRequest (/home/kali/Downloads/cyberrangev1-main/backend/node_modules/router/lib/layer.js:152:17)
    at next (/home/kali/Downloads/cyberrangev1-main/backend/node_modules/router/lib/route.js:157:13)
    at exports.auth (/home/kali/Downloads/cyberrangev1-main/backend/middleware/auth.js:43:5)
    at Layer.handleRequest (/home/kali/Downloads/cyberrangev1-main/backend/node_modules/router/lib/layer.js:152:17)
    at next (/home/kali/Downloads/cyberrangev1-main/backend/node_modules/router/lib/route.js:157:13)
    at Route.dispatch (/home/kali/Downloads/cyberrangev1-main/backend/node_modules/router/lib/route.js:117:3)
    at handle (/home/kali/Downloads/cyberrangev1-main/backend/node_modules/router/index.js:435:11)
    at Layer.handleRequest (/home/kali/Downloads/cyberrangev1-main/backend/node_modules/router/lib/layer.js:152:17)
    at /home/kali/Downloads/cyberrangev1-main/backend/node_modules/router/index.js:295:15
Metadata: {
  "service": "cyber-range-backend",
  "category": "ERROR",
  "name": "TypeError",
  "request": {
    "method": "GET",
    "url": "/api/analytics/categories?range=month",
    "ip": "::ffff:127.0.0.1",
    "userAgent": "Mozilla/5.0 (X11; Linux x86_64; rv:128.0) Gecko/20100101 Firefox/128.0",
    "userId": 1
  }
}
2025-08-18 13:33:56 [ERROR]: Application Error logger.info is not a function
TypeError: logger.info is not a function
    at exports.getCategoryData (/home/kali/Downloads/cyberrangev1-main/backend/controllers/analyticsController.js:146:10)
    at Layer.handleRequest (/home/kali/Downloads/cyberrangev1-main/backend/node_modules/router/lib/layer.js:152:17)
    at next (/home/kali/Downloads/cyberrangev1-main/backend/node_modules/router/lib/route.js:157:13)
    at exports.auth (/home/kali/Downloads/cyberrangev1-main/backend/middleware/auth.js:43:5)
    at Layer.handleRequest (/home/kali/Downloads/cyberrangev1-main/backend/node_modules/router/lib/layer.js:152:17)
    at next (/home/kali/Downloads/cyberrangev1-main/backend/node_modules/router/lib/route.js:157:13)
    at Route.dispatch (/home/kali/Downloads/cyberrangev1-main/backend/node_modules/router/lib/route.js:117:3)
    at handle (/home/kali/Downloads/cyberrangev1-main/backend/node_modules/router/index.js:435:11)
    at Layer.handleRequest (/home/kali/Downloads/cyberrangev1-main/backend/node_modules/router/lib/layer.js:152:17)
    at /home/kali/Downloads/cyberrangev1-main/backend/node_modules/router/index.js:295:15
Metadata: {
  "service": "cyber-range-backend",
  "category": "ERROR",
  "name": "TypeError",
  "request": {
    "method": "GET",
    "url": "/api/analytics/categories?range=month",
    "ip": "::ffff:127.0.0.1",
    "userAgent": "Mozilla/5.0 (X11; Linux x86_64; rv:128.0) Gecko/20100101 Firefox/128.0",
    "userId": 1
  }
}
2025-08-18 16:18:50 [ERROR]: Application Error logger.info is not a function
TypeError: logger.info is not a function
    at exports.getPerformanceData (/home/kali/Downloads/cyberrangev1-main/backend/controllers/analyticsController.js:11:10)
    at Layer.handleRequest (/home/kali/Downloads/cyberrangev1-main/backend/node_modules/router/lib/layer.js:152:17)
    at next (/home/kali/Downloads/cyberrangev1-main/backend/node_modules/router/lib/route.js:157:13)
    at exports.auth (/home/kali/Downloads/cyberrangev1-main/backend/middleware/auth.js:55:5)
    at Layer.handleRequest (/home/kali/Downloads/cyberrangev1-main/backend/node_modules/router/lib/layer.js:152:17)
    at next (/home/kali/Downloads/cyberrangev1-main/backend/node_modules/router/lib/route.js:157:13)
    at Route.dispatch (/home/kali/Downloads/cyberrangev1-main/backend/node_modules/router/lib/route.js:117:3)
    at handle (/home/kali/Downloads/cyberrangev1-main/backend/node_modules/router/index.js:435:11)
    at Layer.handleRequest (/home/kali/Downloads/cyberrangev1-main/backend/node_modules/router/lib/layer.js:152:17)
    at /home/kali/Downloads/cyberrangev1-main/backend/node_modules/router/index.js:295:15
Metadata: {
  "service": "cyber-range-backend",
  "category": "ERROR",
  "name": "TypeError",
  "request": {
    "method": "GET",
    "url": "/api/analytics/performance?range=month",
    "ip": "::ffff:127.0.0.1",
    "userAgent": "Mozilla/5.0 (X11; Linux x86_64; rv:128.0) Gecko/20100101 Firefox/128.0",
    "userId": 1
  }
}
2025-08-18 16:18:50 [ERROR]: Application Error logger.info is not a function
TypeError: logger.info is not a function
    at exports.getCategoryData (/home/kali/Downloads/cyberrangev1-main/backend/controllers/analyticsController.js:146:10)
    at Layer.handleRequest (/home/kali/Downloads/cyberrangev1-main/backend/node_modules/router/lib/layer.js:152:17)
    at next (/home/kali/Downloads/cyberrangev1-main/backend/node_modules/router/lib/route.js:157:13)
    at exports.auth (/home/kali/Downloads/cyberrangev1-main/backend/middleware/auth.js:55:5)
    at Layer.handleRequest (/home/kali/Downloads/cyberrangev1-main/backend/node_modules/router/lib/layer.js:152:17)
    at next (/home/kali/Downloads/cyberrangev1-main/backend/node_modules/router/lib/route.js:157:13)
    at Route.dispatch (/home/kali/Downloads/cyberrangev1-main/backend/node_modules/router/lib/route.js:117:3)
    at handle (/home/kali/Downloads/cyberrangev1-main/backend/node_modules/router/index.js:435:11)
    at Layer.handleRequest (/home/kali/Downloads/cyberrangev1-main/backend/node_modules/router/lib/layer.js:152:17)
    at /home/kali/Downloads/cyberrangev1-main/backend/node_modules/router/index.js:295:15
Metadata: {
  "service": "cyber-range-backend",
  "category": "ERROR",
  "name": "TypeError",
  "request": {
    "method": "GET",
    "url": "/api/analytics/categories?range=month",
    "ip": "::ffff:127.0.0.1",
    "userAgent": "Mozilla/5.0 (X11; Linux x86_64; rv:128.0) Gecko/20100101 Firefox/128.0",
    "userId": 1
  }
}
2025-08-18 16:18:50 [ERROR]: Application Error logger.info is not a function
TypeError: logger.info is not a function
    at exports.getCategoryData (/home/kali/Downloads/cyberrangev1-main/backend/controllers/analyticsController.js:146:10)
    at Layer.handleRequest (/home/kali/Downloads/cyberrangev1-main/backend/node_modules/router/lib/layer.js:152:17)
    at next (/home/kali/Downloads/cyberrangev1-main/backend/node_modules/router/lib/route.js:157:13)
    at exports.auth (/home/kali/Downloads/cyberrangev1-main/backend/middleware/auth.js:55:5)
    at Layer.handleRequest (/home/kali/Downloads/cyberrangev1-main/backend/node_modules/router/lib/layer.js:152:17)
    at next (/home/kali/Downloads/cyberrangev1-main/backend/node_modules/router/lib/route.js:157:13)
    at Route.dispatch (/home/kali/Downloads/cyberrangev1-main/backend/node_modules/router/lib/route.js:117:3)
    at handle (/home/kali/Downloads/cyberrangev1-main/backend/node_modules/router/index.js:435:11)
    at Layer.handleRequest (/home/kali/Downloads/cyberrangev1-main/backend/node_modules/router/lib/layer.js:152:17)
    at /home/kali/Downloads/cyberrangev1-main/backend/node_modules/router/index.js:295:15
Metadata: {
  "service": "cyber-range-backend",
  "category": "ERROR",
  "name": "TypeError",
  "request": {
    "method": "GET",
    "url": "/api/analytics/categories?range=month",
    "ip": "::ffff:127.0.0.1",
    "userAgent": "Mozilla/5.0 (X11; Linux x86_64; rv:128.0) Gecko/20100101 Firefox/128.0",
    "userId": 1
  }
}
2025-08-18 16:18:50 [ERROR]: Application Error logger.info is not a function
TypeError: logger.info is not a function
    at exports.getPerformanceData (/home/kali/Downloads/cyberrangev1-main/backend/controllers/analyticsController.js:11:10)
    at Layer.handleRequest (/home/kali/Downloads/cyberrangev1-main/backend/node_modules/router/lib/layer.js:152:17)
    at next (/home/kali/Downloads/cyberrangev1-main/backend/node_modules/router/lib/route.js:157:13)
    at exports.auth (/home/kali/Downloads/cyberrangev1-main/backend/middleware/auth.js:55:5)
    at Layer.handleRequest (/home/kali/Downloads/cyberrangev1-main/backend/node_modules/router/lib/layer.js:152:17)
    at next (/home/kali/Downloads/cyberrangev1-main/backend/node_modules/router/lib/route.js:157:13)
    at Route.dispatch (/home/kali/Downloads/cyberrangev1-main/backend/node_modules/router/lib/route.js:117:3)
    at handle (/home/kali/Downloads/cyberrangev1-main/backend/node_modules/router/index.js:435:11)
    at Layer.handleRequest (/home/kali/Downloads/cyberrangev1-main/backend/node_modules/router/lib/layer.js:152:17)
    at /home/kali/Downloads/cyberrangev1-main/backend/node_modules/router/index.js:295:15
Metadata: {
  "service": "cyber-range-backend",
  "category": "ERROR",
  "name": "TypeError",
  "request": {
    "method": "GET",
    "url": "/api/analytics/performance?range=month",
    "ip": "::ffff:127.0.0.1",
    "userAgent": "Mozilla/5.0 (X11; Linux x86_64; rv:128.0) Gecko/20100101 Firefox/128.0",
    "userId": 1
  }
}
