2025-08-14 15:40:07 [INFO]: CyberRange server started successfully on port 5000
Metadata: {
  "service": "cyber-range-backend",
  "category": "SYSTEM",
  "port": "5000",
  "environment": "development",
  "features": [
    "labs",
    "matches",
    "teams",
    "scoring",
    "websockets"
  ]
}
2025-08-14 15:40:10 [INFO]: Database connected successfully
Metadata: {
  "service": "cyber-range-backend",
  "category": "SYSTEM"
}
2025-08-14 15:40:10 [INFO]: Admin user initialization completed
Metadata: {
  "service": "cyber-range-backend",
  "category": "SYSTEM"
}
2025-08-14 15:40:10 [INFO]: WebSocket server initialized
Metadata: {
  "service": "cyber-range-backend",
  "category": "SYSTEM"
}
2025-08-14 15:40:27 [INFO]: Server shutdown completed
Metadata: {
  "service": "cyber-range-backend",
  "category": "SYSTEM"
}
2025-08-14 15:41:21 [INFO]: CyberRange server started successfully on port 5000
Metadata: {
  "service": "cyber-range-backend",
  "category": "SYSTEM",
  "port": "5000",
  "environment": "development",
  "features": [
    "labs",
    "matches",
    "teams",
    "scoring",
    "websockets"
  ]
}
2025-08-14 15:41:27 [INFO]: Database connected successfully
Metadata: {
  "service": "cyber-range-backend",
  "category": "SYSTEM"
}
2025-08-14 15:41:27 [INFO]: Admin user initialization completed
Metadata: {
  "service": "cyber-range-backend",
  "category": "SYSTEM"
}
2025-08-14 15:41:27 [INFO]: WebSocket server initialized
Metadata: {
  "service": "cyber-range-backend",
  "category": "SYSTEM"
}
2025-08-14 15:41:56 [INFO]: Incoming Request
Metadata: {
  "service": "cyber-range-backend",
  "category": "ACCESS",
  "method": "POST",
  "url": "/api/auth/login",
  "ip": "::ffff:127.0.0.1",
  "userAgent": "Mozilla/5.0 (X11; Linux x86_64; rv:128.0) Gecko/20100101 Firefox/128.0"
}
2025-08-14 15:41:56 [INFO]: Auth Event: LOGIN_ATTEMPT
Metadata: {
  "service": "cyber-range-backend",
  "category": "AUTH",
  "userId": null,
  "username": "admin",
  "ip": "::ffff:127.0.0.1",
  "userAgent": "Mozilla/5.0 (X11; Linux x86_64; rv:128.0) Gecko/20100101 Firefox/128.0"
}
2025-08-14 15:41:56 [INFO]: Auth Event: LOGIN_SUCCESS
Metadata: {
  "service": "cyber-range-backend",
  "category": "AUTH",
  "userId": 1,
  "username": "admin",
  "role": "admin",
  "ip": "::ffff:127.0.0.1"
}
2025-08-14 15:41:56 [INFO]: Response Sent
Metadata: {
  "service": "cyber-range-backend",
  "category": "ACCESS",
  "method": "POST",
  "url": "/api/auth/login",
  "statusCode": 200,
  "duration": "278ms"
}
2025-08-14 15:41:56 [INFO]: Incoming Request
Metadata: {
  "service": "cyber-range-backend",
  "category": "ACCESS",
  "method": "GET",
  "url": "/api/auth/me",
  "ip": "::ffff:127.0.0.1",
  "userAgent": "Mozilla/5.0 (X11; Linux x86_64; rv:128.0) Gecko/20100101 Firefox/128.0"
}
2025-08-14 15:41:56 [INFO]: Response Sent
Metadata: {
  "service": "cyber-range-backend",
  "category": "ACCESS",
  "method": "GET",
  "url": "/api/auth/me",
  "statusCode": 200,
  "duration": "56ms",
  "userId": 1
}
2025-08-14 15:41:56 [INFO]: Incoming Request
Metadata: {
  "service": "cyber-range-backend",
  "category": "ACCESS",
  "method": "GET",
  "url": "/api/labs",
  "ip": "::ffff:127.0.0.1",
  "userAgent": "Mozilla/5.0 (X11; Linux x86_64; rv:128.0) Gecko/20100101 Firefox/128.0"
}
2025-08-14 15:41:56 [INFO]: Incoming Request
Metadata: {
  "service": "cyber-range-backend",
  "category": "ACCESS",
  "method": "GET",
  "url": "/api/flags/user-stats",
  "ip": "::ffff:127.0.0.1",
  "userAgent": "Mozilla/5.0 (X11; Linux x86_64; rv:128.0) Gecko/20100101 Firefox/128.0"
}
2025-08-14 15:41:56 [INFO]: Response Sent
Metadata: {
  "service": "cyber-range-backend",
  "category": "ACCESS",
  "method": "GET",
  "url": "/api/labs",
  "statusCode": 304,
  "duration": "84ms",
  "userId": 1
}
2025-08-14 15:41:56 [INFO]: Incoming Request
Metadata: {
  "service": "cyber-range-backend",
  "category": "ACCESS",
  "method": "GET",
  "url": "/api/labs",
  "ip": "::ffff:127.0.0.1",
  "userAgent": "Mozilla/5.0 (X11; Linux x86_64; rv:128.0) Gecko/20100101 Firefox/128.0"
}
2025-08-14 15:41:57 [INFO]: Response Sent
Metadata: {
  "service": "cyber-range-backend",
  "category": "ACCESS",
  "method": "GET",
  "url": "/api/labs",
  "statusCode": 304,
  "duration": "50ms",
  "userId": 1
}
2025-08-14 15:41:57 [INFO]: Response Sent
Metadata: {
  "service": "cyber-range-backend",
  "category": "ACCESS",
  "method": "GET",
  "url": "/api/flags/user-stats",
  "statusCode": 200,
  "duration": "203ms",
  "userId": 1
}
2025-08-14 15:41:57 [INFO]: Incoming Request
Metadata: {
  "service": "cyber-range-backend",
  "category": "ACCESS",
  "method": "GET",
  "url": "/api/flags/user-stats",
  "ip": "::ffff:127.0.0.1",
  "userAgent": "Mozilla/5.0 (X11; Linux x86_64; rv:128.0) Gecko/20100101 Firefox/128.0"
}
2025-08-14 15:41:57 [INFO]: Response Sent
Metadata: {
  "service": "cyber-range-backend",
  "category": "ACCESS",
  "method": "GET",
  "url": "/api/flags/user-stats",
  "statusCode": 200,
  "duration": "60ms",
  "userId": 1
}
2025-08-14 15:41:59 [INFO]: Incoming Request
Metadata: {
  "service": "cyber-range-backend",
  "category": "ACCESS",
  "method": "GET",
  "url": "/api/labs",
  "ip": "::ffff:127.0.0.1",
  "userAgent": "Mozilla/5.0 (X11; Linux x86_64; rv:128.0) Gecko/20100101 Firefox/128.0"
}
2025-08-14 15:41:59 [INFO]: Incoming Request
Metadata: {
  "service": "cyber-range-backend",
  "category": "ACCESS",
  "method": "GET",
  "url": "/api/labs",
  "ip": "::ffff:127.0.0.1",
  "userAgent": "Mozilla/5.0 (X11; Linux x86_64; rv:128.0) Gecko/20100101 Firefox/128.0"
}
2025-08-14 15:41:59 [INFO]: Response Sent
Metadata: {
  "service": "cyber-range-backend",
  "category": "ACCESS",
  "method": "GET",
  "url": "/api/labs",
  "statusCode": 304,
  "duration": "69ms",
  "userId": 1
}
2025-08-14 15:41:59 [INFO]: Response Sent
Metadata: {
  "service": "cyber-range-backend",
  "category": "ACCESS",
  "method": "GET",
  "url": "/api/labs",
  "statusCode": 200,
  "duration": "94ms",
  "userId": 1
}
2025-08-14 15:42:00 [INFO]: Incoming Request
Metadata: {
  "service": "cyber-range-backend",
  "category": "ACCESS",
  "method": "GET",
  "url": "/api/auth/users",
  "ip": "::ffff:127.0.0.1",
  "userAgent": "Mozilla/5.0 (X11; Linux x86_64; rv:128.0) Gecko/20100101 Firefox/128.0"
}
2025-08-14 15:42:00 [INFO]: Incoming Request
Metadata: {
  "service": "cyber-range-backend",
  "category": "ACCESS",
  "method": "GET",
  "url": "/api/vms",
  "ip": "::ffff:127.0.0.1",
  "userAgent": "Mozilla/5.0 (X11; Linux x86_64; rv:128.0) Gecko/20100101 Firefox/128.0"
}
2025-08-14 15:42:00 [INFO]: Incoming Request
Metadata: {
  "service": "cyber-range-backend",
  "category": "ACCESS",
  "method": "GET",
  "url": "/api/status",
  "ip": "::ffff:127.0.0.1",
  "userAgent": "Mozilla/5.0 (X11; Linux x86_64; rv:128.0) Gecko/20100101 Firefox/128.0"
}
2025-08-14 15:42:00 [INFO]: Incoming Request
Metadata: {
  "service": "cyber-range-backend",
  "category": "ACCESS",
  "method": "GET",
  "url": "/api/auth/users",
  "ip": "::ffff:127.0.0.1",
  "userAgent": "Mozilla/5.0 (X11; Linux x86_64; rv:128.0) Gecko/20100101 Firefox/128.0"
}
2025-08-14 15:42:00 [INFO]: Incoming Request
Metadata: {
  "service": "cyber-range-backend",
  "category": "ACCESS",
  "method": "GET",
  "url": "/api/flags/leaderboard?limit=10",
  "ip": "::ffff:127.0.0.1",
  "userAgent": "Mozilla/5.0 (X11; Linux x86_64; rv:128.0) Gecko/20100101 Firefox/128.0"
}
2025-08-14 15:42:00 [INFO]: Incoming Request
Metadata: {
  "service": "cyber-range-backend",
  "category": "ACCESS",
  "method": "GET",
  "url": "/api/status",
  "ip": "::ffff:127.0.0.1",
  "userAgent": "Mozilla/5.0 (X11; Linux x86_64; rv:128.0) Gecko/20100101 Firefox/128.0"
}
2025-08-14 15:42:00 [INFO]: Response Sent
Metadata: {
  "service": "cyber-range-backend",
  "category": "ACCESS",
  "method": "GET",
  "url": "/api/auth/users",
  "statusCode": 200,
  "duration": "205ms",
  "userId": 1
}
2025-08-14 15:42:00 [INFO]: Response Sent
Metadata: {
  "service": "cyber-range-backend",
  "category": "ACCESS",
  "method": "GET",
  "url": "/api/vms",
  "statusCode": 304,
  "duration": "206ms",
  "userId": 1
}
2025-08-14 15:42:00 [INFO]: Response Sent
Metadata: {
  "service": "cyber-range-backend",
  "category": "ACCESS",
  "method": "GET",
  "url": "/api/auth/users",
  "statusCode": 200,
  "duration": "194ms",
  "userId": 1
}
2025-08-14 15:42:00 [INFO]: Incoming Request
Metadata: {
  "service": "cyber-range-backend",
  "category": "ACCESS",
  "method": "GET",
  "url": "/api/flags/leaderboard?limit=10",
  "ip": "::ffff:127.0.0.1",
  "userAgent": "Mozilla/5.0 (X11; Linux x86_64; rv:128.0) Gecko/20100101 Firefox/128.0"
}
2025-08-14 15:42:00 [INFO]: Incoming Request
Metadata: {
  "service": "cyber-range-backend",
  "category": "ACCESS",
  "method": "GET",
  "url": "/api/vms",
  "ip": "::ffff:127.0.0.1",
  "userAgent": "Mozilla/5.0 (X11; Linux x86_64; rv:128.0) Gecko/20100101 Firefox/128.0"
}
2025-08-14 15:42:00 [INFO]: Response Sent
Metadata: {
  "service": "cyber-range-backend",
  "category": "ACCESS",
  "method": "GET",
  "url": "/api/vms",
  "statusCode": 200,
  "duration": "62ms",
  "userId": 1
}
2025-08-14 15:42:00 [INFO]: Response Sent
Metadata: {
  "service": "cyber-range-backend",
  "category": "ACCESS",
  "method": "GET",
  "url": "/api/flags/leaderboard?limit=10",
  "statusCode": 200,
  "duration": "185ms",
  "userId": 1
}
2025-08-14 15:42:00 [INFO]: Response Sent
Metadata: {
  "service": "cyber-range-backend",
  "category": "ACCESS",
  "method": "GET",
  "url": "/api/flags/leaderboard?limit=10",
  "statusCode": 200,
  "duration": "122ms",
  "userId": 1
}
2025-08-14 15:42:00 [INFO]: Response Sent
Metadata: {
  "service": "cyber-range-backend",
  "category": "ACCESS",
  "method": "GET",
  "url": "/api/status",
  "statusCode": 200,
  "duration": "375ms"
}
2025-08-14 15:42:00 [INFO]: Response Sent
Metadata: {
  "service": "cyber-range-backend",
  "category": "ACCESS",
  "method": "GET",
  "url": "/api/status",
  "statusCode": 200,
  "duration": "260ms"
}
2025-08-14 15:48:03 [INFO]: Incoming Request
Metadata: {
  "service": "cyber-range-backend",
  "category": "ACCESS",
  "method": "GET",
  "url": "/api/labs",
  "ip": "::ffff:127.0.0.1",
  "userAgent": "Mozilla/5.0 (X11; Linux x86_64; rv:128.0) Gecko/20100101 Firefox/128.0"
}
2025-08-14 15:48:03 [INFO]: Incoming Request
Metadata: {
  "service": "cyber-range-backend",
  "category": "ACCESS",
  "method": "GET",
  "url": "/api/flags/user-stats",
  "ip": "::ffff:127.0.0.1",
  "userAgent": "Mozilla/5.0 (X11; Linux x86_64; rv:128.0) Gecko/20100101 Firefox/128.0"
}
2025-08-14 15:48:03 [INFO]: Incoming Request
Metadata: {
  "service": "cyber-range-backend",
  "category": "ACCESS",
  "method": "GET",
  "url": "/api/labs",
  "ip": "::ffff:127.0.0.1",
  "userAgent": "Mozilla/5.0 (X11; Linux x86_64; rv:128.0) Gecko/20100101 Firefox/128.0"
}
2025-08-14 15:48:03 [INFO]: Incoming Request
Metadata: {
  "service": "cyber-range-backend",
  "category": "ACCESS",
  "method": "GET",
  "url": "/api/flags/user-stats",
  "ip": "::ffff:127.0.0.1",
  "userAgent": "Mozilla/5.0 (X11; Linux x86_64; rv:128.0) Gecko/20100101 Firefox/128.0"
}
2025-08-14 15:48:03 [INFO]: Response Sent
Metadata: {
  "service": "cyber-range-backend",
  "category": "ACCESS",
  "method": "GET",
  "url": "/api/labs",
  "statusCode": 304,
  "duration": "175ms",
  "userId": 1
}
2025-08-14 15:48:03 [INFO]: Response Sent
Metadata: {
  "service": "cyber-range-backend",
  "category": "ACCESS",
  "method": "GET",
  "url": "/api/labs",
  "statusCode": 200,
  "duration": "199ms",
  "userId": 1
}
2025-08-14 15:48:03 [INFO]: Response Sent
Metadata: {
  "service": "cyber-range-backend",
  "category": "ACCESS",
  "method": "GET",
  "url": "/api/flags/user-stats",
  "statusCode": 304,
  "duration": "232ms",
  "userId": 1
}
2025-08-14 15:48:03 [INFO]: Response Sent
Metadata: {
  "service": "cyber-range-backend",
  "category": "ACCESS",
  "method": "GET",
  "url": "/api/flags/user-stats",
  "statusCode": 200,
  "duration": "148ms",
  "userId": 1
}
2025-08-14 15:48:18 [INFO]: Incoming Request
Metadata: {
  "service": "cyber-range-backend",
  "category": "ACCESS",
  "method": "GET",
  "url": "/api/labs",
  "ip": "::ffff:127.0.0.1",
  "userAgent": "Mozilla/5.0 (X11; Linux x86_64; rv:128.0) Gecko/20100101 Firefox/128.0"
}
2025-08-14 15:48:18 [INFO]: Incoming Request
Metadata: {
  "service": "cyber-range-backend",
  "category": "ACCESS",
  "method": "GET",
  "url": "/api/flags/user-stats",
  "ip": "::ffff:127.0.0.1",
  "userAgent": "Mozilla/5.0 (X11; Linux x86_64; rv:128.0) Gecko/20100101 Firefox/128.0"
}
2025-08-14 15:48:18 [INFO]: Incoming Request
Metadata: {
  "service": "cyber-range-backend",
  "category": "ACCESS",
  "method": "GET",
  "url": "/api/labs",
  "ip": "::ffff:127.0.0.1",
  "userAgent": "Mozilla/5.0 (X11; Linux x86_64; rv:128.0) Gecko/20100101 Firefox/128.0"
}
2025-08-14 15:48:18 [INFO]: Incoming Request
Metadata: {
  "service": "cyber-range-backend",
  "category": "ACCESS",
  "method": "GET",
  "url": "/api/flags/user-stats",
  "ip": "::ffff:127.0.0.1",
  "userAgent": "Mozilla/5.0 (X11; Linux x86_64; rv:128.0) Gecko/20100101 Firefox/128.0"
}
2025-08-14 15:48:18 [INFO]: Response Sent
Metadata: {
  "service": "cyber-range-backend",
  "category": "ACCESS",
  "method": "GET",
  "url": "/api/labs",
  "statusCode": 304,
  "duration": "132ms",
  "userId": 1
}
2025-08-14 15:48:18 [INFO]: Response Sent
Metadata: {
  "service": "cyber-range-backend",
  "category": "ACCESS",
  "method": "GET",
  "url": "/api/labs",
  "statusCode": 200,
  "duration": "118ms",
  "userId": 1
}
2025-08-14 15:48:19 [INFO]: Response Sent
Metadata: {
  "service": "cyber-range-backend",
  "category": "ACCESS",
  "method": "GET",
  "url": "/api/flags/user-stats",
  "statusCode": 304,
  "duration": "193ms",
  "userId": 1
}
2025-08-14 15:48:19 [INFO]: Response Sent
Metadata: {
  "service": "cyber-range-backend",
  "category": "ACCESS",
  "method": "GET",
  "url": "/api/flags/user-stats",
  "statusCode": 200,
  "duration": "150ms",
  "userId": 1
}
2025-08-14 15:49:48 [INFO]: Incoming Request
Metadata: {
  "service": "cyber-range-backend",
  "category": "ACCESS",
  "method": "GET",
  "url": "/api/labs",
  "ip": "::ffff:127.0.0.1",
  "userAgent": "Mozilla/5.0 (X11; Linux x86_64; rv:128.0) Gecko/20100101 Firefox/128.0"
}
2025-08-14 15:49:49 [INFO]: Incoming Request
Metadata: {
  "service": "cyber-range-backend",
  "category": "ACCESS",
  "method": "GET",
  "url": "/api/flags/user-stats",
  "ip": "::ffff:127.0.0.1",
  "userAgent": "Mozilla/5.0 (X11; Linux x86_64; rv:128.0) Gecko/20100101 Firefox/128.0"
}
2025-08-14 15:49:49 [INFO]: Incoming Request
Metadata: {
  "service": "cyber-range-backend",
  "category": "ACCESS",
  "method": "GET",
  "url": "/api/flags/user-stats",
  "ip": "::ffff:127.0.0.1",
  "userAgent": "Mozilla/5.0 (X11; Linux x86_64; rv:128.0) Gecko/20100101 Firefox/128.0"
}
2025-08-14 15:49:49 [INFO]: Incoming Request
Metadata: {
  "service": "cyber-range-backend",
  "category": "ACCESS",
  "method": "GET",
  "url": "/api/labs",
  "ip": "::ffff:127.0.0.1",
  "userAgent": "Mozilla/5.0 (X11; Linux x86_64; rv:128.0) Gecko/20100101 Firefox/128.0"
}
2025-08-14 15:49:49 [INFO]: Response Sent
Metadata: {
  "service": "cyber-range-backend",
  "category": "ACCESS",
  "method": "GET",
  "url": "/api/labs",
  "statusCode": 304,
  "duration": "1424ms",
  "userId": 1
}
2025-08-14 15:49:49 [INFO]: Response Sent
Metadata: {
  "service": "cyber-range-backend",
  "category": "ACCESS",
  "method": "GET",
  "url": "/api/labs",
  "statusCode": 200,
  "duration": "74ms",
  "userId": 1
}
2025-08-14 15:49:49 [INFO]: Response Sent
Metadata: {
  "service": "cyber-range-backend",
  "category": "ACCESS",
  "method": "GET",
  "url": "/api/flags/user-stats",
  "statusCode": 304,
  "duration": "138ms",
  "userId": 1
}
2025-08-14 15:49:49 [INFO]: Response Sent
Metadata: {
  "service": "cyber-range-backend",
  "category": "ACCESS",
  "method": "GET",
  "url": "/api/flags/user-stats",
  "statusCode": 200,
  "duration": "123ms",
  "userId": 1
}
2025-08-14 15:57:46 [INFO]: Incoming Request
Metadata: {
  "service": "cyber-range-backend",
  "category": "ACCESS",
  "method": "GET",
  "url": "/api/labs",
  "ip": "::ffff:127.0.0.1",
  "userAgent": "Mozilla/5.0 (X11; Linux x86_64; rv:128.0) Gecko/20100101 Firefox/128.0"
}
2025-08-14 15:57:46 [INFO]: Incoming Request
Metadata: {
  "service": "cyber-range-backend",
  "category": "ACCESS",
  "method": "GET",
  "url": "/api/flags/user-stats",
  "ip": "::ffff:127.0.0.1",
  "userAgent": "Mozilla/5.0 (X11; Linux x86_64; rv:128.0) Gecko/20100101 Firefox/128.0"
}
2025-08-14 15:57:46 [INFO]: Incoming Request
Metadata: {
  "service": "cyber-range-backend",
  "category": "ACCESS",
  "method": "GET",
  "url": "/api/labs",
  "ip": "::ffff:127.0.0.1",
  "userAgent": "Mozilla/5.0 (X11; Linux x86_64; rv:128.0) Gecko/20100101 Firefox/128.0"
}
2025-08-14 15:57:46 [INFO]: Incoming Request
Metadata: {
  "service": "cyber-range-backend",
  "category": "ACCESS",
  "method": "GET",
  "url": "/api/flags/user-stats",
  "ip": "::ffff:127.0.0.1",
  "userAgent": "Mozilla/5.0 (X11; Linux x86_64; rv:128.0) Gecko/20100101 Firefox/128.0"
}
2025-08-14 15:57:46 [INFO]: Response Sent
Metadata: {
  "service": "cyber-range-backend",
  "category": "ACCESS",
  "method": "GET",
  "url": "/api/labs",
  "statusCode": 304,
  "duration": "153ms",
  "userId": 1
}
2025-08-14 15:57:46 [INFO]: Response Sent
Metadata: {
  "service": "cyber-range-backend",
  "category": "ACCESS",
  "method": "GET",
  "url": "/api/labs",
  "statusCode": 200,
  "duration": "151ms",
  "userId": 1
}
2025-08-14 15:57:46 [INFO]: Response Sent
Metadata: {
  "service": "cyber-range-backend",
  "category": "ACCESS",
  "method": "GET",
  "url": "/api/flags/user-stats",
  "statusCode": 304,
  "duration": "124ms",
  "userId": 1
}
2025-08-14 15:57:46 [INFO]: Response Sent
Metadata: {
  "service": "cyber-range-backend",
  "category": "ACCESS",
  "method": "GET",
  "url": "/api/flags/user-stats",
  "statusCode": 200,
  "duration": "230ms",
  "userId": 1
}
2025-08-14 15:58:08 [INFO]: Incoming Request
Metadata: {
  "service": "cyber-range-backend",
  "category": "ACCESS",
  "method": "GET",
  "url": "/api/labs",
  "ip": "::ffff:127.0.0.1",
  "userAgent": "Mozilla/5.0 (X11; Linux x86_64; rv:128.0) Gecko/20100101 Firefox/128.0"
}
2025-08-14 15:58:08 [INFO]: Incoming Request
Metadata: {
  "service": "cyber-range-backend",
  "category": "ACCESS",
  "method": "GET",
  "url": "/api/flags/user-stats",
  "ip": "::ffff:127.0.0.1",
  "userAgent": "Mozilla/5.0 (X11; Linux x86_64; rv:128.0) Gecko/20100101 Firefox/128.0"
}
2025-08-14 15:58:08 [INFO]: Incoming Request
Metadata: {
  "service": "cyber-range-backend",
  "category": "ACCESS",
  "method": "GET",
  "url": "/api/labs",
  "ip": "::ffff:127.0.0.1",
  "userAgent": "Mozilla/5.0 (X11; Linux x86_64; rv:128.0) Gecko/20100101 Firefox/128.0"
}
2025-08-14 15:58:08 [INFO]: Incoming Request
Metadata: {
  "service": "cyber-range-backend",
  "category": "ACCESS",
  "method": "GET",
  "url": "/api/flags/user-stats",
  "ip": "::ffff:127.0.0.1",
  "userAgent": "Mozilla/5.0 (X11; Linux x86_64; rv:128.0) Gecko/20100101 Firefox/128.0"
}
2025-08-14 15:58:08 [INFO]: Response Sent
Metadata: {
  "service": "cyber-range-backend",
  "category": "ACCESS",
  "method": "GET",
  "url": "/api/labs",
  "statusCode": 304,
  "duration": "229ms",
  "userId": 1
}
2025-08-14 15:58:08 [INFO]: Response Sent
Metadata: {
  "service": "cyber-range-backend",
  "category": "ACCESS",
  "method": "GET",
  "url": "/api/labs",
  "statusCode": 200,
  "duration": "225ms",
  "userId": 1
}
2025-08-14 15:58:08 [INFO]: Response Sent
Metadata: {
  "service": "cyber-range-backend",
  "category": "ACCESS",
  "method": "GET",
  "url": "/api/flags/user-stats",
  "statusCode": 200,
  "duration": "307ms",
  "userId": 1
}
2025-08-14 15:58:08 [INFO]: Response Sent
Metadata: {
  "service": "cyber-range-backend",
  "category": "ACCESS",
  "method": "GET",
  "url": "/api/flags/user-stats",
  "statusCode": 304,
  "duration": "327ms",
  "userId": 1
}
2025-08-14 15:59:14 [INFO]: Incoming Request
Metadata: {
  "service": "cyber-range-backend",
  "category": "ACCESS",
  "method": "GET",
  "url": "/api/labs",
  "ip": "::ffff:127.0.0.1",
  "userAgent": "Mozilla/5.0 (X11; Linux x86_64; rv:128.0) Gecko/20100101 Firefox/128.0"
}
2025-08-14 15:59:14 [INFO]: Incoming Request
Metadata: {
  "service": "cyber-range-backend",
  "category": "ACCESS",
  "method": "GET",
  "url": "/api/flags/user-stats",
  "ip": "::ffff:127.0.0.1",
  "userAgent": "Mozilla/5.0 (X11; Linux x86_64; rv:128.0) Gecko/20100101 Firefox/128.0"
}
2025-08-14 15:59:14 [INFO]: Incoming Request
Metadata: {
  "service": "cyber-range-backend",
  "category": "ACCESS",
  "method": "GET",
  "url": "/api/labs",
  "ip": "::ffff:127.0.0.1",
  "userAgent": "Mozilla/5.0 (X11; Linux x86_64; rv:128.0) Gecko/20100101 Firefox/128.0"
}
2025-08-14 15:59:14 [INFO]: Incoming Request
Metadata: {
  "service": "cyber-range-backend",
  "category": "ACCESS",
  "method": "GET",
  "url": "/api/flags/user-stats",
  "ip": "::ffff:127.0.0.1",
  "userAgent": "Mozilla/5.0 (X11; Linux x86_64; rv:128.0) Gecko/20100101 Firefox/128.0"
}
2025-08-14 15:59:14 [INFO]: Response Sent
Metadata: {
  "service": "cyber-range-backend",
  "category": "ACCESS",
  "method": "GET",
  "url": "/api/labs",
  "statusCode": 304,
  "duration": "121ms",
  "userId": 1
}
2025-08-14 15:59:14 [INFO]: Response Sent
Metadata: {
  "service": "cyber-range-backend",
  "category": "ACCESS",
  "method": "GET",
  "url": "/api/labs",
  "statusCode": 200,
  "duration": "88ms",
  "userId": 1
}
2025-08-14 15:59:15 [INFO]: Response Sent
Metadata: {
  "service": "cyber-range-backend",
  "category": "ACCESS",
  "method": "GET",
  "url": "/api/flags/user-stats",
  "statusCode": 304,
  "duration": "1221ms",
  "userId": 1
}
2025-08-14 15:59:15 [INFO]: Response Sent
Metadata: {
  "service": "cyber-range-backend",
  "category": "ACCESS",
  "method": "GET",
  "url": "/api/flags/user-stats",
  "statusCode": 200,
  "duration": "1148ms",
  "userId": 1
}
2025-08-14 15:59:56 [INFO]: Incoming Request
Metadata: {
  "service": "cyber-range-backend",
  "category": "ACCESS",
  "method": "GET",
  "url": "/api/labs",
  "ip": "::ffff:127.0.0.1",
  "userAgent": "Mozilla/5.0 (X11; Linux x86_64; rv:128.0) Gecko/20100101 Firefox/128.0"
}
2025-08-14 15:59:56 [INFO]: Incoming Request
Metadata: {
  "service": "cyber-range-backend",
  "category": "ACCESS",
  "method": "GET",
  "url": "/api/labs",
  "ip": "::ffff:127.0.0.1",
  "userAgent": "Mozilla/5.0 (X11; Linux x86_64; rv:128.0) Gecko/20100101 Firefox/128.0"
}
2025-08-14 15:59:56 [INFO]: Incoming Request
Metadata: {
  "service": "cyber-range-backend",
  "category": "ACCESS",
  "method": "GET",
  "url": "/api/flags/user-stats",
  "ip": "::ffff:127.0.0.1",
  "userAgent": "Mozilla/5.0 (X11; Linux x86_64; rv:128.0) Gecko/20100101 Firefox/128.0"
}
2025-08-14 15:59:56 [INFO]: Incoming Request
Metadata: {
  "service": "cyber-range-backend",
  "category": "ACCESS",
  "method": "GET",
  "url": "/api/flags/user-stats",
  "ip": "::ffff:127.0.0.1",
  "userAgent": "Mozilla/5.0 (X11; Linux x86_64; rv:128.0) Gecko/20100101 Firefox/128.0"
}
2025-08-14 15:59:56 [INFO]: Response Sent
Metadata: {
  "service": "cyber-range-backend",
  "category": "ACCESS",
  "method": "GET",
  "url": "/api/labs",
  "statusCode": 304,
  "duration": "145ms",
  "userId": 1
}
2025-08-14 15:59:56 [INFO]: Response Sent
Metadata: {
  "service": "cyber-range-backend",
  "category": "ACCESS",
  "method": "GET",
  "url": "/api/labs",
  "statusCode": 200,
  "duration": "130ms",
  "userId": 1
}
2025-08-14 15:59:56 [INFO]: Response Sent
Metadata: {
  "service": "cyber-range-backend",
  "category": "ACCESS",
  "method": "GET",
  "url": "/api/flags/user-stats",
  "statusCode": 304,
  "duration": "178ms",
  "userId": 1
}
2025-08-14 15:59:56 [INFO]: Response Sent
Metadata: {
  "service": "cyber-range-backend",
  "category": "ACCESS",
  "method": "GET",
  "url": "/api/flags/user-stats",
  "statusCode": 200,
  "duration": "179ms",
  "userId": 1
}
2025-08-14 16:00:07 [INFO]: Incoming Request
Metadata: {
  "service": "cyber-range-backend",
  "category": "ACCESS",
  "method": "GET",
  "url": "/api/labs",
  "ip": "::ffff:127.0.0.1",
  "userAgent": "Mozilla/5.0 (X11; Linux x86_64; rv:128.0) Gecko/20100101 Firefox/128.0"
}
2025-08-14 16:00:07 [INFO]: Incoming Request
Metadata: {
  "service": "cyber-range-backend",
  "category": "ACCESS",
  "method": "GET",
  "url": "/api/flags/user-stats",
  "ip": "::ffff:127.0.0.1",
  "userAgent": "Mozilla/5.0 (X11; Linux x86_64; rv:128.0) Gecko/20100101 Firefox/128.0"
}
2025-08-14 16:00:07 [INFO]: Incoming Request
Metadata: {
  "service": "cyber-range-backend",
  "category": "ACCESS",
  "method": "GET",
  "url": "/api/labs",
  "ip": "::ffff:127.0.0.1",
  "userAgent": "Mozilla/5.0 (X11; Linux x86_64; rv:128.0) Gecko/20100101 Firefox/128.0"
}
2025-08-14 16:00:07 [INFO]: Incoming Request
Metadata: {
  "service": "cyber-range-backend",
  "category": "ACCESS",
  "method": "GET",
  "url": "/api/flags/user-stats",
  "ip": "::ffff:127.0.0.1",
  "userAgent": "Mozilla/5.0 (X11; Linux x86_64; rv:128.0) Gecko/20100101 Firefox/128.0"
}
2025-08-14 16:00:07 [INFO]: Response Sent
Metadata: {
  "service": "cyber-range-backend",
  "category": "ACCESS",
  "method": "GET",
  "url": "/api/labs",
  "statusCode": 304,
  "duration": "121ms",
  "userId": 1
}
2025-08-14 16:00:07 [INFO]: Response Sent
Metadata: {
  "service": "cyber-range-backend",
  "category": "ACCESS",
  "method": "GET",
  "url": "/api/labs",
  "statusCode": 200,
  "duration": "124ms",
  "userId": 1
}
2025-08-14 16:00:07 [INFO]: Response Sent
Metadata: {
  "service": "cyber-range-backend",
  "category": "ACCESS",
  "method": "GET",
  "url": "/api/flags/user-stats",
  "statusCode": 304,
  "duration": "169ms",
  "userId": 1
}
2025-08-14 16:00:07 [INFO]: Response Sent
Metadata: {
  "service": "cyber-range-backend",
  "category": "ACCESS",
  "method": "GET",
  "url": "/api/flags/user-stats",
  "statusCode": 200,
  "duration": "115ms",
  "userId": 1
}
2025-08-14 16:00:22 [INFO]: Incoming Request
Metadata: {
  "service": "cyber-range-backend",
  "category": "ACCESS",
  "method": "GET",
  "url": "/api/labs",
  "ip": "::ffff:127.0.0.1",
  "userAgent": "Mozilla/5.0 (X11; Linux x86_64; rv:128.0) Gecko/20100101 Firefox/128.0"
}
2025-08-14 16:00:22 [INFO]: Incoming Request
Metadata: {
  "service": "cyber-range-backend",
  "category": "ACCESS",
  "method": "GET",
  "url": "/api/flags/user-stats",
  "ip": "::ffff:127.0.0.1",
  "userAgent": "Mozilla/5.0 (X11; Linux x86_64; rv:128.0) Gecko/20100101 Firefox/128.0"
}
2025-08-14 16:00:22 [INFO]: Incoming Request
Metadata: {
  "service": "cyber-range-backend",
  "category": "ACCESS",
  "method": "GET",
  "url": "/api/labs",
  "ip": "::ffff:127.0.0.1",
  "userAgent": "Mozilla/5.0 (X11; Linux x86_64; rv:128.0) Gecko/20100101 Firefox/128.0"
}
2025-08-14 16:00:22 [INFO]: Incoming Request
Metadata: {
  "service": "cyber-range-backend",
  "category": "ACCESS",
  "method": "GET",
  "url": "/api/flags/user-stats",
  "ip": "::ffff:127.0.0.1",
  "userAgent": "Mozilla/5.0 (X11; Linux x86_64; rv:128.0) Gecko/20100101 Firefox/128.0"
}
2025-08-14 16:00:22 [INFO]: Response Sent
Metadata: {
  "service": "cyber-range-backend",
  "category": "ACCESS",
  "method": "GET",
  "url": "/api/labs",
  "statusCode": 304,
  "duration": "132ms",
  "userId": 1
}
2025-08-14 16:00:22 [INFO]: Response Sent
Metadata: {
  "service": "cyber-range-backend",
  "category": "ACCESS",
  "method": "GET",
  "url": "/api/labs",
  "statusCode": 200,
  "duration": "146ms",
  "userId": 1
}
2025-08-14 16:00:22 [INFO]: Response Sent
Metadata: {
  "service": "cyber-range-backend",
  "category": "ACCESS",
  "method": "GET",
  "url": "/api/flags/user-stats",
  "statusCode": 200,
  "duration": "174ms",
  "userId": 1
}
2025-08-14 16:00:22 [INFO]: Response Sent
Metadata: {
  "service": "cyber-range-backend",
  "category": "ACCESS",
  "method": "GET",
  "url": "/api/flags/user-stats",
  "statusCode": 304,
  "duration": "236ms",
  "userId": 1
}
2025-08-14 16:00:28 [INFO]: Incoming Request
Metadata: {
  "service": "cyber-range-backend",
  "category": "ACCESS",
  "method": "GET",
  "url": "/api/labs",
  "ip": "::ffff:127.0.0.1",
  "userAgent": "Mozilla/5.0 (X11; Linux x86_64; rv:128.0) Gecko/20100101 Firefox/128.0"
}
2025-08-14 16:00:28 [INFO]: Incoming Request
Metadata: {
  "service": "cyber-range-backend",
  "category": "ACCESS",
  "method": "GET",
  "url": "/api/flags/user-stats",
  "ip": "::ffff:127.0.0.1",
  "userAgent": "Mozilla/5.0 (X11; Linux x86_64; rv:128.0) Gecko/20100101 Firefox/128.0"
}
2025-08-14 16:00:28 [INFO]: Response Sent
Metadata: {
  "service": "cyber-range-backend",
  "category": "ACCESS",
  "method": "GET",
  "url": "/api/labs",
  "statusCode": 304,
  "duration": "33ms",
  "userId": 1
}
2025-08-14 16:00:28 [INFO]: Incoming Request
Metadata: {
  "service": "cyber-range-backend",
  "category": "ACCESS",
  "method": "GET",
  "url": "/api/labs",
  "ip": "::ffff:127.0.0.1",
  "userAgent": "Mozilla/5.0 (X11; Linux x86_64; rv:128.0) Gecko/20100101 Firefox/128.0"
}
2025-08-14 16:00:28 [INFO]: Response Sent
Metadata: {
  "service": "cyber-range-backend",
  "category": "ACCESS",
  "method": "GET",
  "url": "/api/labs",
  "statusCode": 200,
  "duration": "35ms",
  "userId": 1
}
2025-08-14 16:00:28 [INFO]: Incoming Request
Metadata: {
  "service": "cyber-range-backend",
  "category": "ACCESS",
  "method": "GET",
  "url": "/api/flags/user-stats",
  "ip": "::ffff:127.0.0.1",
  "userAgent": "Mozilla/5.0 (X11; Linux x86_64; rv:128.0) Gecko/20100101 Firefox/128.0"
}
2025-08-14 16:00:28 [INFO]: Response Sent
Metadata: {
  "service": "cyber-range-backend",
  "category": "ACCESS",
  "method": "GET",
  "url": "/api/flags/user-stats",
  "statusCode": 304,
  "duration": "111ms",
  "userId": 1
}
2025-08-14 16:00:28 [INFO]: Response Sent
Metadata: {
  "service": "cyber-range-backend",
  "category": "ACCESS",
  "method": "GET",
  "url": "/api/flags/user-stats",
  "statusCode": 200,
  "duration": "66ms",
  "userId": 1
}
2025-08-14 16:00:29 [INFO]: Incoming Request
Metadata: {
  "service": "cyber-range-backend",
  "category": "ACCESS",
  "method": "GET",
  "url": "/api/labs",
  "ip": "::ffff:127.0.0.1",
  "userAgent": "Mozilla/5.0 (X11; Linux x86_64; rv:128.0) Gecko/20100101 Firefox/128.0"
}
2025-08-14 16:00:29 [INFO]: Incoming Request
Metadata: {
  "service": "cyber-range-backend",
  "category": "ACCESS",
  "method": "GET",
  "url": "/api/flags/user-stats",
  "ip": "::ffff:127.0.0.1",
  "userAgent": "Mozilla/5.0 (X11; Linux x86_64; rv:128.0) Gecko/20100101 Firefox/128.0"
}
2025-08-14 16:00:29 [INFO]: Incoming Request
Metadata: {
  "service": "cyber-range-backend",
  "category": "ACCESS",
  "method": "GET",
  "url": "/api/labs",
  "ip": "::ffff:127.0.0.1",
  "userAgent": "Mozilla/5.0 (X11; Linux x86_64; rv:128.0) Gecko/20100101 Firefox/128.0"
}
2025-08-14 16:00:29 [INFO]: Response Sent
Metadata: {
  "service": "cyber-range-backend",
  "category": "ACCESS",
  "method": "GET",
  "url": "/api/labs",
  "statusCode": 304,
  "duration": "39ms",
  "userId": 1
}
2025-08-14 16:00:29 [INFO]: Incoming Request
Metadata: {
  "service": "cyber-range-backend",
  "category": "ACCESS",
  "method": "GET",
  "url": "/api/flags/user-stats",
  "ip": "::ffff:127.0.0.1",
  "userAgent": "Mozilla/5.0 (X11; Linux x86_64; rv:128.0) Gecko/20100101 Firefox/128.0"
}
2025-08-14 16:00:29 [INFO]: Response Sent
Metadata: {
  "service": "cyber-range-backend",
  "category": "ACCESS",
  "method": "GET",
  "url": "/api/labs",
  "statusCode": 200,
  "duration": "56ms",
  "userId": 1
}
2025-08-14 16:00:29 [INFO]: Response Sent
Metadata: {
  "service": "cyber-range-backend",
  "category": "ACCESS",
  "method": "GET",
  "url": "/api/flags/user-stats",
  "statusCode": 304,
  "duration": "105ms",
  "userId": 1
}
2025-08-14 16:00:29 [INFO]: Response Sent
Metadata: {
  "service": "cyber-range-backend",
  "category": "ACCESS",
  "method": "GET",
  "url": "/api/flags/user-stats",
  "statusCode": 200,
  "duration": "81ms",
  "userId": 1
}
2025-08-14 16:00:33 [INFO]: Incoming Request
Metadata: {
  "service": "cyber-range-backend",
  "category": "ACCESS",
  "method": "GET",
  "url": "/api/labs",
  "ip": "::ffff:127.0.0.1",
  "userAgent": "Mozilla/5.0 (X11; Linux x86_64; rv:128.0) Gecko/20100101 Firefox/128.0"
}
2025-08-14 16:00:33 [INFO]: Incoming Request
Metadata: {
  "service": "cyber-range-backend",
  "category": "ACCESS",
  "method": "GET",
  "url": "/api/labs",
  "ip": "::ffff:127.0.0.1",
  "userAgent": "Mozilla/5.0 (X11; Linux x86_64; rv:128.0) Gecko/20100101 Firefox/128.0"
}
2025-08-14 16:00:33 [INFO]: Response Sent
Metadata: {
  "service": "cyber-range-backend",
  "category": "ACCESS",
  "method": "GET",
  "url": "/api/labs",
  "statusCode": 304,
  "duration": "44ms",
  "userId": 1
}
2025-08-14 16:00:33 [INFO]: Response Sent
Metadata: {
  "service": "cyber-range-backend",
  "category": "ACCESS",
  "method": "GET",
  "url": "/api/labs",
  "statusCode": 200,
  "duration": "38ms",
  "userId": 1
}
2025-08-14 16:00:33 [INFO]: Incoming Request
Metadata: {
  "service": "cyber-range-backend",
  "category": "ACCESS",
  "method": "GET",
  "url": "/api/auth/users",
  "ip": "::ffff:127.0.0.1",
  "userAgent": "Mozilla/5.0 (X11; Linux x86_64; rv:128.0) Gecko/20100101 Firefox/128.0"
}
2025-08-14 16:00:33 [INFO]: Response Sent
Metadata: {
  "service": "cyber-range-backend",
  "category": "ACCESS",
  "method": "GET",
  "url": "/api/auth/users",
  "statusCode": 200,
  "duration": "21ms",
  "userId": 1
}
2025-08-14 16:00:33 [INFO]: Incoming Request
Metadata: {
  "service": "cyber-range-backend",
  "category": "ACCESS",
  "method": "GET",
  "url": "/api/vms",
  "ip": "::ffff:127.0.0.1",
  "userAgent": "Mozilla/5.0 (X11; Linux x86_64; rv:128.0) Gecko/20100101 Firefox/128.0"
}
2025-08-14 16:00:33 [INFO]: Incoming Request
Metadata: {
  "service": "cyber-range-backend",
  "category": "ACCESS",
  "method": "GET",
  "url": "/api/flags/leaderboard?limit=10",
  "ip": "::ffff:127.0.0.1",
  "userAgent": "Mozilla/5.0 (X11; Linux x86_64; rv:128.0) Gecko/20100101 Firefox/128.0"
}
2025-08-14 16:00:33 [INFO]: Incoming Request
Metadata: {
  "service": "cyber-range-backend",
  "category": "ACCESS",
  "method": "GET",
  "url": "/api/status",
  "ip": "::ffff:127.0.0.1",
  "userAgent": "Mozilla/5.0 (X11; Linux x86_64; rv:128.0) Gecko/20100101 Firefox/128.0"
}
2025-08-14 16:00:33 [INFO]: Incoming Request
Metadata: {
  "service": "cyber-range-backend",
  "category": "ACCESS",
  "method": "GET",
  "url": "/api/auth/users",
  "ip": "::ffff:127.0.0.1",
  "userAgent": "Mozilla/5.0 (X11; Linux x86_64; rv:128.0) Gecko/20100101 Firefox/128.0"
}
2025-08-14 16:00:33 [INFO]: Response Sent
Metadata: {
  "service": "cyber-range-backend",
  "category": "ACCESS",
  "method": "GET",
  "url": "/api/vms",
  "statusCode": 200,
  "duration": "54ms",
  "userId": 1
}
2025-08-14 16:00:33 [INFO]: Incoming Request
Metadata: {
  "service": "cyber-range-backend",
  "category": "ACCESS",
  "method": "GET",
  "url": "/api/status",
  "ip": "::ffff:127.0.0.1",
  "userAgent": "Mozilla/5.0 (X11; Linux x86_64; rv:128.0) Gecko/20100101 Firefox/128.0"
}
2025-08-14 16:00:33 [INFO]: Incoming Request
Metadata: {
  "service": "cyber-range-backend",
  "category": "ACCESS",
  "method": "GET",
  "url": "/api/vms",
  "ip": "::ffff:127.0.0.1",
  "userAgent": "Mozilla/5.0 (X11; Linux x86_64; rv:128.0) Gecko/20100101 Firefox/128.0"
}
2025-08-14 16:00:33 [INFO]: Response Sent
Metadata: {
  "service": "cyber-range-backend",
  "category": "ACCESS",
  "method": "GET",
  "url": "/api/auth/users",
  "statusCode": 304,
  "duration": "130ms",
  "userId": 1
}
2025-08-14 16:00:33 [INFO]: Incoming Request
Metadata: {
  "service": "cyber-range-backend",
  "category": "ACCESS",
  "method": "GET",
  "url": "/api/flags/leaderboard?limit=10",
  "ip": "::ffff:127.0.0.1",
  "userAgent": "Mozilla/5.0 (X11; Linux x86_64; rv:128.0) Gecko/20100101 Firefox/128.0"
}
2025-08-14 16:00:33 [INFO]: Response Sent
Metadata: {
  "service": "cyber-range-backend",
  "category": "ACCESS",
  "method": "GET",
  "url": "/api/flags/leaderboard?limit=10",
  "statusCode": 200,
  "duration": "205ms",
  "userId": 1
}
2025-08-14 16:00:33 [INFO]: Response Sent
Metadata: {
  "service": "cyber-range-backend",
  "category": "ACCESS",
  "method": "GET",
  "url": "/api/vms",
  "statusCode": 304,
  "duration": "110ms",
  "userId": 1
}
2025-08-14 16:00:33 [INFO]: Response Sent
Metadata: {
  "service": "cyber-range-backend",
  "category": "ACCESS",
  "method": "GET",
  "url": "/api/flags/leaderboard?limit=10",
  "statusCode": 304,
  "duration": "99ms",
  "userId": 1
}
2025-08-14 16:00:33 [INFO]: Response Sent
Metadata: {
  "service": "cyber-range-backend",
  "category": "ACCESS",
  "method": "GET",
  "url": "/api/status",
  "statusCode": 200,
  "duration": "276ms"
}
2025-08-14 16:00:33 [INFO]: Response Sent
Metadata: {
  "service": "cyber-range-backend",
  "category": "ACCESS",
  "method": "GET",
  "url": "/api/status",
  "statusCode": 200,
  "duration": "205ms"
}
2025-08-14 16:00:44 [INFO]: Incoming Request
Metadata: {
  "service": "cyber-range-backend",
  "category": "ACCESS",
  "method": "GET",
  "url": "/api/labs",
  "ip": "::ffff:127.0.0.1",
  "userAgent": "Mozilla/5.0 (X11; Linux x86_64; rv:128.0) Gecko/20100101 Firefox/128.0"
}
2025-08-14 16:00:44 [INFO]: Incoming Request
Metadata: {
  "service": "cyber-range-backend",
  "category": "ACCESS",
  "method": "GET",
  "url": "/api/labs",
  "ip": "::ffff:127.0.0.1",
  "userAgent": "Mozilla/5.0 (X11; Linux x86_64; rv:128.0) Gecko/20100101 Firefox/128.0"
}
2025-08-14 16:00:44 [INFO]: Response Sent
Metadata: {
  "service": "cyber-range-backend",
  "category": "ACCESS",
  "method": "GET",
  "url": "/api/labs",
  "statusCode": 304,
  "duration": "36ms",
  "userId": 1
}
2025-08-14 16:00:44 [INFO]: Response Sent
Metadata: {
  "service": "cyber-range-backend",
  "category": "ACCESS",
  "method": "GET",
  "url": "/api/labs",
  "statusCode": 200,
  "duration": "43ms",
  "userId": 1
}
2025-08-14 16:00:55 [INFO]: Incoming Request
Metadata: {
  "service": "cyber-range-backend",
  "category": "ACCESS",
  "method": "GET",
  "url": "/api/labs",
  "ip": "::ffff:127.0.0.1",
  "userAgent": "Mozilla/5.0 (X11; Linux x86_64; rv:128.0) Gecko/20100101 Firefox/128.0"
}
2025-08-14 16:00:55 [INFO]: Incoming Request
Metadata: {
  "service": "cyber-range-backend",
  "category": "ACCESS",
  "method": "GET",
  "url": "/api/flags/user-stats",
  "ip": "::ffff:127.0.0.1",
  "userAgent": "Mozilla/5.0 (X11; Linux x86_64; rv:128.0) Gecko/20100101 Firefox/128.0"
}
2025-08-14 16:00:55 [INFO]: Incoming Request
Metadata: {
  "service": "cyber-range-backend",
  "category": "ACCESS",
  "method": "GET",
  "url": "/api/labs",
  "ip": "::ffff:127.0.0.1",
  "userAgent": "Mozilla/5.0 (X11; Linux x86_64; rv:128.0) Gecko/20100101 Firefox/128.0"
}
2025-08-14 16:00:55 [INFO]: Incoming Request
Metadata: {
  "service": "cyber-range-backend",
  "category": "ACCESS",
  "method": "GET",
  "url": "/api/flags/user-stats",
  "ip": "::ffff:127.0.0.1",
  "userAgent": "Mozilla/5.0 (X11; Linux x86_64; rv:128.0) Gecko/20100101 Firefox/128.0"
}
2025-08-14 16:00:55 [INFO]: Response Sent
Metadata: {
  "service": "cyber-range-backend",
  "category": "ACCESS",
  "method": "GET",
  "url": "/api/labs",
  "statusCode": 304,
  "duration": "94ms",
  "userId": 1
}
2025-08-14 16:00:55 [INFO]: Response Sent
Metadata: {
  "service": "cyber-range-backend",
  "category": "ACCESS",
  "method": "GET",
  "url": "/api/labs",
  "statusCode": 200,
  "duration": "80ms",
  "userId": 1
}
2025-08-14 16:00:55 [INFO]: Response Sent
Metadata: {
  "service": "cyber-range-backend",
  "category": "ACCESS",
  "method": "GET",
  "url": "/api/flags/user-stats",
  "statusCode": 200,
  "duration": "102ms",
  "userId": 1
}
2025-08-14 16:00:55 [INFO]: Response Sent
Metadata: {
  "service": "cyber-range-backend",
  "category": "ACCESS",
  "method": "GET",
  "url": "/api/flags/user-stats",
  "statusCode": 304,
  "duration": "169ms",
  "userId": 1
}
2025-08-14 16:01:10 [INFO]: Incoming Request
Metadata: {
  "service": "cyber-range-backend",
  "category": "ACCESS",
  "method": "GET",
  "url": "/api/labs",
  "ip": "::ffff:127.0.0.1",
  "userAgent": "Mozilla/5.0 (X11; Linux x86_64; rv:128.0) Gecko/20100101 Firefox/128.0"
}
2025-08-14 16:01:10 [INFO]: Incoming Request
Metadata: {
  "service": "cyber-range-backend",
  "category": "ACCESS",
  "method": "GET",
  "url": "/api/labs",
  "ip": "::ffff:127.0.0.1",
  "userAgent": "Mozilla/5.0 (X11; Linux x86_64; rv:128.0) Gecko/20100101 Firefox/128.0"
}
2025-08-14 16:01:10 [INFO]: Incoming Request
Metadata: {
  "service": "cyber-range-backend",
  "category": "ACCESS",
  "method": "GET",
  "url": "/api/flags/user-stats",
  "ip": "::ffff:127.0.0.1",
  "userAgent": "Mozilla/5.0 (X11; Linux x86_64; rv:128.0) Gecko/20100101 Firefox/128.0"
}
2025-08-14 16:01:10 [INFO]: Incoming Request
Metadata: {
  "service": "cyber-range-backend",
  "category": "ACCESS",
  "method": "GET",
  "url": "/api/flags/user-stats",
  "ip": "::ffff:127.0.0.1",
  "userAgent": "Mozilla/5.0 (X11; Linux x86_64; rv:128.0) Gecko/20100101 Firefox/128.0"
}
2025-08-14 16:01:11 [INFO]: Response Sent
Metadata: {
  "service": "cyber-range-backend",
  "category": "ACCESS",
  "method": "GET",
  "url": "/api/labs",
  "statusCode": 304,
  "duration": "1220ms",
  "userId": 1
}
2025-08-14 16:01:11 [INFO]: Response Sent
Metadata: {
  "service": "cyber-range-backend",
  "category": "ACCESS",
  "method": "GET",
  "url": "/api/labs",
  "statusCode": 200,
  "duration": "1224ms",
  "userId": 1
}
2025-08-14 16:01:11 [INFO]: Response Sent
Metadata: {
  "service": "cyber-range-backend",
  "category": "ACCESS",
  "method": "GET",
  "url": "/api/flags/user-stats",
  "statusCode": 200,
  "duration": "1188ms",
  "userId": 1
}
2025-08-14 16:01:11 [INFO]: Response Sent
Metadata: {
  "service": "cyber-range-backend",
  "category": "ACCESS",
  "method": "GET",
  "url": "/api/flags/user-stats",
  "statusCode": 304,
  "duration": "1226ms",
  "userId": 1
}
2025-08-14 16:02:46 [INFO]: Incoming Request
Metadata: {
  "service": "cyber-range-backend",
  "category": "ACCESS",
  "method": "GET",
  "url": "/api/auth/me",
  "ip": "::ffff:127.0.0.1",
  "userAgent": "Mozilla/5.0 (X11; Linux x86_64; rv:128.0) Gecko/20100101 Firefox/128.0"
}
2025-08-14 16:02:46 [INFO]: Incoming Request
Metadata: {
  "service": "cyber-range-backend",
  "category": "ACCESS",
  "method": "GET",
  "url": "/api/auth/me",
  "ip": "::ffff:127.0.0.1",
  "userAgent": "Mozilla/5.0 (X11; Linux x86_64; rv:128.0) Gecko/20100101 Firefox/128.0"
}
2025-08-14 16:02:46 [INFO]: Response Sent
Metadata: {
  "service": "cyber-range-backend",
  "category": "ACCESS",
  "method": "GET",
  "url": "/api/auth/me",
  "statusCode": 200,
  "duration": "79ms",
  "userId": 1
}
2025-08-14 16:02:46 [INFO]: Response Sent
Metadata: {
  "service": "cyber-range-backend",
  "category": "ACCESS",
  "method": "GET",
  "url": "/api/auth/me",
  "statusCode": 304,
  "duration": "65ms",
  "userId": 1
}
2025-08-14 16:02:47 [INFO]: Incoming Request
Metadata: {
  "service": "cyber-range-backend",
  "category": "ACCESS",
  "method": "GET",
  "url": "/api/labs",
  "ip": "::ffff:127.0.0.1",
  "userAgent": "Mozilla/5.0 (X11; Linux x86_64; rv:128.0) Gecko/20100101 Firefox/128.0"
}
2025-08-14 16:02:47 [INFO]: Incoming Request
Metadata: {
  "service": "cyber-range-backend",
  "category": "ACCESS",
  "method": "GET",
  "url": "/api/flags/user-stats",
  "ip": "::ffff:127.0.0.1",
  "userAgent": "Mozilla/5.0 (X11; Linux x86_64; rv:128.0) Gecko/20100101 Firefox/128.0"
}
2025-08-14 16:02:47 [INFO]: Incoming Request
Metadata: {
  "service": "cyber-range-backend",
  "category": "ACCESS",
  "method": "GET",
  "url": "/api/labs",
  "ip": "::ffff:127.0.0.1",
  "userAgent": "Mozilla/5.0 (X11; Linux x86_64; rv:128.0) Gecko/20100101 Firefox/128.0"
}
2025-08-14 16:02:47 [INFO]: Incoming Request
Metadata: {
  "service": "cyber-range-backend",
  "category": "ACCESS",
  "method": "GET",
  "url": "/api/flags/user-stats",
  "ip": "::ffff:127.0.0.1",
  "userAgent": "Mozilla/5.0 (X11; Linux x86_64; rv:128.0) Gecko/20100101 Firefox/128.0"
}
2025-08-14 16:02:47 [INFO]: Response Sent
Metadata: {
  "service": "cyber-range-backend",
  "category": "ACCESS",
  "method": "GET",
  "url": "/api/labs",
  "statusCode": 304,
  "duration": "67ms",
  "userId": 1
}
2025-08-14 16:02:47 [INFO]: Response Sent
Metadata: {
  "service": "cyber-range-backend",
  "category": "ACCESS",
  "method": "GET",
  "url": "/api/labs",
  "statusCode": 200,
  "duration": "89ms",
  "userId": 1
}
2025-08-14 16:02:47 [INFO]: Response Sent
Metadata: {
  "service": "cyber-range-backend",
  "category": "ACCESS",
  "method": "GET",
  "url": "/api/flags/user-stats",
  "statusCode": 304,
  "duration": "160ms",
  "userId": 1
}
2025-08-14 16:02:47 [INFO]: Response Sent
Metadata: {
  "service": "cyber-range-backend",
  "category": "ACCESS",
  "method": "GET",
  "url": "/api/flags/user-stats",
  "statusCode": 200,
  "duration": "153ms",
  "userId": 1
}
2025-08-14 16:02:55 [INFO]: Incoming Request
Metadata: {
  "service": "cyber-range-backend",
  "category": "ACCESS",
  "method": "GET",
  "url": "/api/auth/users",
  "ip": "::ffff:127.0.0.1",
  "userAgent": "Mozilla/5.0 (X11; Linux x86_64; rv:128.0) Gecko/20100101 Firefox/128.0"
}
2025-08-14 16:02:55 [INFO]: Response Sent
Metadata: {
  "service": "cyber-range-backend",
  "category": "ACCESS",
  "method": "GET",
  "url": "/api/auth/users",
  "statusCode": 304,
  "duration": "25ms",
  "userId": 1
}
2025-08-14 16:02:55 [INFO]: Incoming Request
Metadata: {
  "service": "cyber-range-backend",
  "category": "ACCESS",
  "method": "GET",
  "url": "/api/labs",
  "ip": "::ffff:127.0.0.1",
  "userAgent": "Mozilla/5.0 (X11; Linux x86_64; rv:128.0) Gecko/20100101 Firefox/128.0"
}
2025-08-14 16:02:55 [INFO]: Incoming Request
Metadata: {
  "service": "cyber-range-backend",
  "category": "ACCESS",
  "method": "GET",
  "url": "/api/auth/users",
  "ip": "::ffff:127.0.0.1",
  "userAgent": "Mozilla/5.0 (X11; Linux x86_64; rv:128.0) Gecko/20100101 Firefox/128.0"
}
2025-08-14 16:02:55 [INFO]: Response Sent
Metadata: {
  "service": "cyber-range-backend",
  "category": "ACCESS",
  "method": "GET",
  "url": "/api/labs",
  "statusCode": 304,
  "duration": "34ms",
  "userId": 1
}
2025-08-14 16:02:55 [INFO]: Response Sent
Metadata: {
  "service": "cyber-range-backend",
  "category": "ACCESS",
  "method": "GET",
  "url": "/api/auth/users",
  "statusCode": 304,
  "duration": "34ms",
  "userId": 1
}
2025-08-14 16:02:55 [INFO]: Incoming Request
Metadata: {
  "service": "cyber-range-backend",
  "category": "ACCESS",
  "method": "GET",
  "url": "/api/vms",
  "ip": "::ffff:127.0.0.1",
  "userAgent": "Mozilla/5.0 (X11; Linux x86_64; rv:128.0) Gecko/20100101 Firefox/128.0"
}
2025-08-14 16:02:55 [INFO]: Incoming Request
Metadata: {
  "service": "cyber-range-backend",
  "category": "ACCESS",
  "method": "GET",
  "url": "/api/labs",
  "ip": "::ffff:127.0.0.1",
  "userAgent": "Mozilla/5.0 (X11; Linux x86_64; rv:128.0) Gecko/20100101 Firefox/128.0"
}
2025-08-14 16:02:55 [INFO]: Incoming Request
Metadata: {
  "service": "cyber-range-backend",
  "category": "ACCESS",
  "method": "GET",
  "url": "/api/vms",
  "ip": "::ffff:127.0.0.1",
  "userAgent": "Mozilla/5.0 (X11; Linux x86_64; rv:128.0) Gecko/20100101 Firefox/128.0"
}
2025-08-14 16:02:55 [INFO]: Response Sent
Metadata: {
  "service": "cyber-range-backend",
  "category": "ACCESS",
  "method": "GET",
  "url": "/api/vms",
  "statusCode": 200,
  "duration": "72ms",
  "userId": 1
}
2025-08-14 16:02:55 [INFO]: Response Sent
Metadata: {
  "service": "cyber-range-backend",
  "category": "ACCESS",
  "method": "GET",
  "url": "/api/labs",
  "statusCode": 200,
  "duration": "72ms",
  "userId": 1
}
2025-08-14 16:02:55 [INFO]: Response Sent
Metadata: {
  "service": "cyber-range-backend",
  "category": "ACCESS",
  "method": "GET",
  "url": "/api/vms",
  "statusCode": 304,
  "duration": "45ms",
  "userId": 1
}
2025-08-14 16:02:55 [INFO]: Incoming Request
Metadata: {
  "service": "cyber-range-backend",
  "category": "ACCESS",
  "method": "GET",
  "url": "/api/flags/leaderboard?limit=10",
  "ip": "::ffff:127.0.0.1",
  "userAgent": "Mozilla/5.0 (X11; Linux x86_64; rv:128.0) Gecko/20100101 Firefox/128.0"
}
2025-08-14 16:02:55 [INFO]: Response Sent
Metadata: {
  "service": "cyber-range-backend",
  "category": "ACCESS",
  "method": "GET",
  "url": "/api/flags/leaderboard?limit=10",
  "statusCode": 304,
  "duration": "43ms",
  "userId": 1
}
2025-08-14 16:02:55 [INFO]: Incoming Request
Metadata: {
  "service": "cyber-range-backend",
  "category": "ACCESS",
  "method": "GET",
  "url": "/api/status",
  "ip": "::ffff:127.0.0.1",
  "userAgent": "Mozilla/5.0 (X11; Linux x86_64; rv:128.0) Gecko/20100101 Firefox/128.0"
}
2025-08-14 16:02:55 [INFO]: Incoming Request
Metadata: {
  "service": "cyber-range-backend",
  "category": "ACCESS",
  "method": "GET",
  "url": "/api/flags/leaderboard?limit=10",
  "ip": "::ffff:127.0.0.1",
  "userAgent": "Mozilla/5.0 (X11; Linux x86_64; rv:128.0) Gecko/20100101 Firefox/128.0"
}
2025-08-14 16:02:55 [INFO]: Incoming Request
Metadata: {
  "service": "cyber-range-backend",
  "category": "ACCESS",
  "method": "GET",
  "url": "/api/status",
  "ip": "::ffff:127.0.0.1",
  "userAgent": "Mozilla/5.0 (X11; Linux x86_64; rv:128.0) Gecko/20100101 Firefox/128.0"
}
2025-08-14 16:02:55 [INFO]: Response Sent
Metadata: {
  "service": "cyber-range-backend",
  "category": "ACCESS",
  "method": "GET",
  "url": "/api/flags/leaderboard?limit=10",
  "statusCode": 200,
  "duration": "82ms",
  "userId": 1
}
2025-08-14 16:02:55 [INFO]: Response Sent
Metadata: {
  "service": "cyber-range-backend",
  "category": "ACCESS",
  "method": "GET",
  "url": "/api/status",
  "statusCode": 200,
  "duration": "197ms"
}
2025-08-14 16:02:55 [INFO]: Response Sent
Metadata: {
  "service": "cyber-range-backend",
  "category": "ACCESS",
  "method": "GET",
  "url": "/api/status",
  "statusCode": 200,
  "duration": "115ms"
}
2025-08-14 16:02:56 [INFO]: Incoming Request
Metadata: {
  "service": "cyber-range-backend",
  "category": "ACCESS",
  "method": "GET",
  "url": "/api/labs",
  "ip": "::ffff:127.0.0.1",
  "userAgent": "Mozilla/5.0 (X11; Linux x86_64; rv:128.0) Gecko/20100101 Firefox/128.0"
}
2025-08-14 16:02:57 [INFO]: Incoming Request
Metadata: {
  "service": "cyber-range-backend",
  "category": "ACCESS",
  "method": "GET",
  "url": "/api/labs",
  "ip": "::ffff:127.0.0.1",
  "userAgent": "Mozilla/5.0 (X11; Linux x86_64; rv:128.0) Gecko/20100101 Firefox/128.0"
}
2025-08-14 16:02:57 [INFO]: Response Sent
Metadata: {
  "service": "cyber-range-backend",
  "category": "ACCESS",
  "method": "GET",
  "url": "/api/labs",
  "statusCode": 304,
  "duration": "31ms",
  "userId": 1
}
2025-08-14 16:02:57 [INFO]: Response Sent
Metadata: {
  "service": "cyber-range-backend",
  "category": "ACCESS",
  "method": "GET",
  "url": "/api/labs",
  "statusCode": 200,
  "duration": "37ms",
  "userId": 1
}
2025-08-14 16:02:57 [INFO]: Incoming Request
Metadata: {
  "service": "cyber-range-backend",
  "category": "ACCESS",
  "method": "GET",
  "url": "/api/flags/user-stats",
  "ip": "::ffff:127.0.0.1",
  "userAgent": "Mozilla/5.0 (X11; Linux x86_64; rv:128.0) Gecko/20100101 Firefox/128.0"
}
2025-08-14 16:02:57 [INFO]: Incoming Request
Metadata: {
  "service": "cyber-range-backend",
  "category": "ACCESS",
  "method": "GET",
  "url": "/api/flags/user-stats",
  "ip": "::ffff:127.0.0.1",
  "userAgent": "Mozilla/5.0 (X11; Linux x86_64; rv:128.0) Gecko/20100101 Firefox/128.0"
}
2025-08-14 16:02:57 [INFO]: Response Sent
Metadata: {
  "service": "cyber-range-backend",
  "category": "ACCESS",
  "method": "GET",
  "url": "/api/flags/user-stats",
  "statusCode": 304,
  "duration": "66ms",
  "userId": 1
}
2025-08-14 16:02:57 [INFO]: Response Sent
Metadata: {
  "service": "cyber-range-backend",
  "category": "ACCESS",
  "method": "GET",
  "url": "/api/flags/user-stats",
  "statusCode": 200,
  "duration": "67ms",
  "userId": 1
}
2025-08-14 16:03:46 [INFO]: Incoming Request
Metadata: {
  "service": "cyber-range-backend",
  "category": "ACCESS",
  "method": "GET",
  "url": "/api/labs",
  "ip": "::ffff:127.0.0.1",
  "userAgent": "Mozilla/5.0 (X11; Linux x86_64; rv:128.0) Gecko/20100101 Firefox/128.0"
}
2025-08-14 16:03:46 [INFO]: Incoming Request
Metadata: {
  "service": "cyber-range-backend",
  "category": "ACCESS",
  "method": "GET",
  "url": "/api/flags/user-stats",
  "ip": "::ffff:127.0.0.1",
  "userAgent": "Mozilla/5.0 (X11; Linux x86_64; rv:128.0) Gecko/20100101 Firefox/128.0"
}
2025-08-14 16:03:46 [INFO]: Incoming Request
Metadata: {
  "service": "cyber-range-backend",
  "category": "ACCESS",
  "method": "GET",
  "url": "/api/labs",
  "ip": "::ffff:127.0.0.1",
  "userAgent": "Mozilla/5.0 (X11; Linux x86_64; rv:128.0) Gecko/20100101 Firefox/128.0"
}
2025-08-14 16:03:46 [INFO]: Incoming Request
Metadata: {
  "service": "cyber-range-backend",
  "category": "ACCESS",
  "method": "GET",
  "url": "/api/flags/user-stats",
  "ip": "::ffff:127.0.0.1",
  "userAgent": "Mozilla/5.0 (X11; Linux x86_64; rv:128.0) Gecko/20100101 Firefox/128.0"
}
2025-08-14 16:03:46 [INFO]: Response Sent
Metadata: {
  "service": "cyber-range-backend",
  "category": "ACCESS",
  "method": "GET",
  "url": "/api/labs",
  "statusCode": 304,
  "duration": "101ms",
  "userId": 1
}
2025-08-14 16:03:46 [INFO]: Response Sent
Metadata: {
  "service": "cyber-range-backend",
  "category": "ACCESS",
  "method": "GET",
  "url": "/api/labs",
  "statusCode": 200,
  "duration": "72ms",
  "userId": 1
}
2025-08-14 16:03:46 [INFO]: Response Sent
Metadata: {
  "service": "cyber-range-backend",
  "category": "ACCESS",
  "method": "GET",
  "url": "/api/flags/user-stats",
  "statusCode": 304,
  "duration": "144ms",
  "userId": 1
}
2025-08-14 16:03:46 [INFO]: Response Sent
Metadata: {
  "service": "cyber-range-backend",
  "category": "ACCESS",
  "method": "GET",
  "url": "/api/flags/user-stats",
  "statusCode": 200,
  "duration": "119ms",
  "userId": 1
}
2025-08-14 16:05:02 [INFO]: Incoming Request
Metadata: {
  "service": "cyber-range-backend",
  "category": "ACCESS",
  "method": "GET",
  "url": "/api/auth/me",
  "ip": "::ffff:127.0.0.1",
  "userAgent": "Mozilla/5.0 (X11; Linux x86_64; rv:128.0) Gecko/20100101 Firefox/128.0"
}
2025-08-14 16:05:02 [INFO]: Incoming Request
Metadata: {
  "service": "cyber-range-backend",
  "category": "ACCESS",
  "method": "GET",
  "url": "/api/auth/me",
  "ip": "::ffff:127.0.0.1",
  "userAgent": "Mozilla/5.0 (X11; Linux x86_64; rv:128.0) Gecko/20100101 Firefox/128.0"
}
2025-08-14 16:05:02 [INFO]: Response Sent
Metadata: {
  "service": "cyber-range-backend",
  "category": "ACCESS",
  "method": "GET",
  "url": "/api/auth/me",
  "statusCode": 304,
  "duration": "44ms",
  "userId": 1
}
2025-08-14 16:05:02 [INFO]: Response Sent
Metadata: {
  "service": "cyber-range-backend",
  "category": "ACCESS",
  "method": "GET",
  "url": "/api/auth/me",
  "statusCode": 200,
  "duration": "34ms",
  "userId": 1
}
2025-08-14 16:05:02 [INFO]: Incoming Request
Metadata: {
  "service": "cyber-range-backend",
  "category": "ACCESS",
  "method": "GET",
  "url": "/api/labs",
  "ip": "::ffff:127.0.0.1",
  "userAgent": "Mozilla/5.0 (X11; Linux x86_64; rv:128.0) Gecko/20100101 Firefox/128.0"
}
2025-08-14 16:05:02 [INFO]: Incoming Request
Metadata: {
  "service": "cyber-range-backend",
  "category": "ACCESS",
  "method": "GET",
  "url": "/api/auth/users",
  "ip": "::ffff:127.0.0.1",
  "userAgent": "Mozilla/5.0 (X11; Linux x86_64; rv:128.0) Gecko/20100101 Firefox/128.0"
}
2025-08-14 16:05:02 [INFO]: Response Sent
Metadata: {
  "service": "cyber-range-backend",
  "category": "ACCESS",
  "method": "GET",
  "url": "/api/labs",
  "statusCode": 304,
  "duration": "29ms",
  "userId": 1
}
2025-08-14 16:05:02 [INFO]: Response Sent
Metadata: {
  "service": "cyber-range-backend",
  "category": "ACCESS",
  "method": "GET",
  "url": "/api/auth/users",
  "statusCode": 304,
  "duration": "39ms",
  "userId": 1
}
2025-08-14 16:05:02 [INFO]: Incoming Request
Metadata: {
  "service": "cyber-range-backend",
  "category": "ACCESS",
  "method": "GET",
  "url": "/api/auth/users",
  "ip": "::ffff:127.0.0.1",
  "userAgent": "Mozilla/5.0 (X11; Linux x86_64; rv:128.0) Gecko/20100101 Firefox/128.0"
}
2025-08-14 16:05:02 [INFO]: Incoming Request
Metadata: {
  "service": "cyber-range-backend",
  "category": "ACCESS",
  "method": "GET",
  "url": "/api/labs",
  "ip": "::ffff:127.0.0.1",
  "userAgent": "Mozilla/5.0 (X11; Linux x86_64; rv:128.0) Gecko/20100101 Firefox/128.0"
}
2025-08-14 16:05:02 [INFO]: Incoming Request
Metadata: {
  "service": "cyber-range-backend",
  "category": "ACCESS",
  "method": "GET",
  "url": "/api/vms",
  "ip": "::ffff:127.0.0.1",
  "userAgent": "Mozilla/5.0 (X11; Linux x86_64; rv:128.0) Gecko/20100101 Firefox/128.0"
}
2025-08-14 16:05:02 [INFO]: Response Sent
Metadata: {
  "service": "cyber-range-backend",
  "category": "ACCESS",
  "method": "GET",
  "url": "/api/auth/users",
  "statusCode": 200,
  "duration": "46ms",
  "userId": 1
}
2025-08-14 16:05:02 [INFO]: Response Sent
Metadata: {
  "service": "cyber-range-backend",
  "category": "ACCESS",
  "method": "GET",
  "url": "/api/vms",
  "statusCode": 304,
  "duration": "35ms",
  "userId": 1
}
2025-08-14 16:05:02 [INFO]: Incoming Request
Metadata: {
  "service": "cyber-range-backend",
  "category": "ACCESS",
  "method": "GET",
  "url": "/api/vms",
  "ip": "::ffff:127.0.0.1",
  "userAgent": "Mozilla/5.0 (X11; Linux x86_64; rv:128.0) Gecko/20100101 Firefox/128.0"
}
2025-08-14 16:05:02 [INFO]: Response Sent
Metadata: {
  "service": "cyber-range-backend",
  "category": "ACCESS",
  "method": "GET",
  "url": "/api/labs",
  "statusCode": 200,
  "duration": "48ms",
  "userId": 1
}
2025-08-14 16:05:02 [INFO]: Response Sent
Metadata: {
  "service": "cyber-range-backend",
  "category": "ACCESS",
  "method": "GET",
  "url": "/api/vms",
  "statusCode": 200,
  "duration": "25ms",
  "userId": 1
}
2025-08-14 16:05:02 [INFO]: Incoming Request
Metadata: {
  "service": "cyber-range-backend",
  "category": "ACCESS",
  "method": "GET",
  "url": "/api/flags/leaderboard?limit=10",
  "ip": "::ffff:127.0.0.1",
  "userAgent": "Mozilla/5.0 (X11; Linux x86_64; rv:128.0) Gecko/20100101 Firefox/128.0"
}
2025-08-14 16:05:02 [INFO]: Response Sent
Metadata: {
  "service": "cyber-range-backend",
  "category": "ACCESS",
  "method": "GET",
  "url": "/api/flags/leaderboard?limit=10",
  "statusCode": 304,
  "duration": "28ms",
  "userId": 1
}
2025-08-14 16:05:02 [INFO]: Incoming Request
Metadata: {
  "service": "cyber-range-backend",
  "category": "ACCESS",
  "method": "GET",
  "url": "/api/status",
  "ip": "::ffff:127.0.0.1",
  "userAgent": "Mozilla/5.0 (X11; Linux x86_64; rv:128.0) Gecko/20100101 Firefox/128.0"
}
2025-08-14 16:05:02 [INFO]: Incoming Request
Metadata: {
  "service": "cyber-range-backend",
  "category": "ACCESS",
  "method": "GET",
  "url": "/api/flags/leaderboard?limit=10",
  "ip": "::ffff:127.0.0.1",
  "userAgent": "Mozilla/5.0 (X11; Linux x86_64; rv:128.0) Gecko/20100101 Firefox/128.0"
}
2025-08-14 16:05:02 [INFO]: Response Sent
Metadata: {
  "service": "cyber-range-backend",
  "category": "ACCESS",
  "method": "GET",
  "url": "/api/flags/leaderboard?limit=10",
  "statusCode": 200,
  "duration": "55ms",
  "userId": 1
}
2025-08-14 16:05:02 [INFO]: Response Sent
Metadata: {
  "service": "cyber-range-backend",
  "category": "ACCESS",
  "method": "GET",
  "url": "/api/status",
  "statusCode": 200,
  "duration": "144ms"
}
2025-08-14 16:05:02 [INFO]: Incoming Request
Metadata: {
  "service": "cyber-range-backend",
  "category": "ACCESS",
  "method": "GET",
  "url": "/api/status",
  "ip": "::ffff:127.0.0.1",
  "userAgent": "Mozilla/5.0 (X11; Linux x86_64; rv:128.0) Gecko/20100101 Firefox/128.0"
}
2025-08-14 16:05:03 [INFO]: Response Sent
Metadata: {
  "service": "cyber-range-backend",
  "category": "ACCESS",
  "method": "GET",
  "url": "/api/status",
  "statusCode": 200,
  "duration": "133ms"
}
2025-08-14 16:05:10 [INFO]: Incoming Request
Metadata: {
  "service": "cyber-range-backend",
  "category": "ACCESS",
  "method": "GET",
  "url": "/api/auth/me",
  "ip": "::ffff:127.0.0.1",
  "userAgent": "Mozilla/5.0 (X11; Linux x86_64; rv:128.0) Gecko/20100101 Firefox/128.0"
}
2025-08-14 16:05:10 [INFO]: Incoming Request
Metadata: {
  "service": "cyber-range-backend",
  "category": "ACCESS",
  "method": "GET",
  "url": "/api/auth/me",
  "ip": "::ffff:127.0.0.1",
  "userAgent": "Mozilla/5.0 (X11; Linux x86_64; rv:128.0) Gecko/20100101 Firefox/128.0"
}
2025-08-14 16:05:10 [INFO]: Response Sent
Metadata: {
  "service": "cyber-range-backend",
  "category": "ACCESS",
  "method": "GET",
  "url": "/api/auth/me",
  "statusCode": 304,
  "duration": "31ms",
  "userId": 1
}
2025-08-14 16:05:10 [INFO]: Response Sent
Metadata: {
  "service": "cyber-range-backend",
  "category": "ACCESS",
  "method": "GET",
  "url": "/api/auth/me",
  "statusCode": 200,
  "duration": "31ms",
  "userId": 1
}
2025-08-14 16:05:12 [INFO]: Incoming Request
Metadata: {
  "service": "cyber-range-backend",
  "category": "ACCESS",
  "method": "GET",
  "url": "/api/matches/active",
  "ip": "::ffff:127.0.0.1",
  "userAgent": "Mozilla/5.0 (X11; Linux x86_64; rv:128.0) Gecko/20100101 Firefox/128.0"
}
2025-08-14 16:05:12 [INFO]: Incoming Request
Metadata: {
  "service": "cyber-range-backend",
  "category": "ACCESS",
  "method": "GET",
  "url": "/api/matches/active",
  "ip": "::ffff:127.0.0.1",
  "userAgent": "Mozilla/5.0 (X11; Linux x86_64; rv:128.0) Gecko/20100101 Firefox/128.0"
}
2025-08-14 16:05:12 [INFO]: Response Sent
Metadata: {
  "service": "cyber-range-backend",
  "category": "ACCESS",
  "method": "GET",
  "url": "/api/matches/active",
  "statusCode": 200,
  "duration": "36ms",
  "userId": 1
}
2025-08-14 16:05:12 [INFO]: Incoming Request
Metadata: {
  "service": "cyber-range-backend",
  "category": "ACCESS",
  "method": "GET",
  "url": "/api/matches?status=ready",
  "ip": "::ffff:127.0.0.1",
  "userAgent": "Mozilla/5.0 (X11; Linux x86_64; rv:128.0) Gecko/20100101 Firefox/128.0"
}
2025-08-14 16:05:12 [INFO]: Response Sent
Metadata: {
  "service": "cyber-range-backend",
  "category": "ACCESS",
  "method": "GET",
  "url": "/api/matches/active",
  "statusCode": 200,
  "duration": "44ms",
  "userId": 1
}
2025-08-14 16:05:12 [INFO]: Incoming Request
Metadata: {
  "service": "cyber-range-backend",
  "category": "ACCESS",
  "method": "GET",
  "url": "/api/matches?status=ready",
  "ip": "::ffff:127.0.0.1",
  "userAgent": "Mozilla/5.0 (X11; Linux x86_64; rv:128.0) Gecko/20100101 Firefox/128.0"
}
2025-08-14 16:05:12 [INFO]: Response Sent
Metadata: {
  "service": "cyber-range-backend",
  "category": "ACCESS",
  "method": "GET",
  "url": "/api/matches?status=ready",
  "statusCode": 200,
  "duration": "60ms",
  "userId": 1
}
2025-08-14 16:05:12 [INFO]: Response Sent
Metadata: {
  "service": "cyber-range-backend",
  "category": "ACCESS",
  "method": "GET",
  "url": "/api/matches?status=ready",
  "statusCode": 200,
  "duration": "54ms",
  "userId": 1
}
2025-08-14 16:05:12 [INFO]: Incoming Request
Metadata: {
  "service": "cyber-range-backend",
  "category": "ACCESS",
  "method": "GET",
  "url": "/api/teams?search=&status=active",
  "ip": "::ffff:127.0.0.1",
  "userAgent": "Mozilla/5.0 (X11; Linux x86_64; rv:128.0) Gecko/20100101 Firefox/128.0"
}
2025-08-14 16:05:12 [INFO]: Response Sent
Metadata: {
  "service": "cyber-range-backend",
  "category": "ACCESS",
  "method": "GET",
  "url": "/api/teams?search=&status=active",
  "statusCode": 500,
  "duration": "40ms",
  "userId": 1
}
2025-08-14 16:05:12 [INFO]: Incoming Request
Metadata: {
  "service": "cyber-range-backend",
  "category": "ACCESS",
  "method": "GET",
  "url": "/api/teams?search=&status=active",
  "ip": "::ffff:127.0.0.1",
  "userAgent": "Mozilla/5.0 (X11; Linux x86_64; rv:128.0) Gecko/20100101 Firefox/128.0"
}
2025-08-14 16:05:12 [INFO]: Response Sent
Metadata: {
  "service": "cyber-range-backend",
  "category": "ACCESS",
  "method": "GET",
  "url": "/api/teams?search=&status=active",
  "statusCode": 500,
  "duration": "26ms",
  "userId": 1
}
2025-08-14 16:05:43 [INFO]: Incoming Request
Metadata: {
  "service": "cyber-range-backend",
  "category": "ACCESS",
  "method": "GET",
  "url": "/api/auth/me",
  "ip": "::ffff:127.0.0.1",
  "userAgent": "Mozilla/5.0 (X11; Linux x86_64; rv:128.0) Gecko/20100101 Firefox/128.0"
}
2025-08-14 16:05:43 [INFO]: Incoming Request
Metadata: {
  "service": "cyber-range-backend",
  "category": "ACCESS",
  "method": "GET",
  "url": "/api/auth/me",
  "ip": "::ffff:127.0.0.1",
  "userAgent": "Mozilla/5.0 (X11; Linux x86_64; rv:128.0) Gecko/20100101 Firefox/128.0"
}
2025-08-14 16:05:43 [INFO]: Response Sent
Metadata: {
  "service": "cyber-range-backend",
  "category": "ACCESS",
  "method": "GET",
  "url": "/api/auth/me",
  "statusCode": 304,
  "duration": "46ms",
  "userId": 1
}
2025-08-14 16:05:43 [INFO]: Response Sent
Metadata: {
  "service": "cyber-range-backend",
  "category": "ACCESS",
  "method": "GET",
  "url": "/api/auth/me",
  "statusCode": 200,
  "duration": "36ms",
  "userId": 1
}
2025-08-14 16:05:44 [INFO]: Incoming Request
Metadata: {
  "service": "cyber-range-backend",
  "category": "ACCESS",
  "method": "GET",
  "url": "/api/matches/active",
  "ip": "::ffff:127.0.0.1",
  "userAgent": "Mozilla/5.0 (X11; Linux x86_64; rv:128.0) Gecko/20100101 Firefox/128.0"
}
2025-08-14 16:05:44 [INFO]: Response Sent
Metadata: {
  "service": "cyber-range-backend",
  "category": "ACCESS",
  "method": "GET",
  "url": "/api/matches/active",
  "statusCode": 304,
  "duration": "22ms",
  "userId": 1
}
2025-08-14 16:05:44 [INFO]: Incoming Request
Metadata: {
  "service": "cyber-range-backend",
  "category": "ACCESS",
  "method": "GET",
  "url": "/api/matches?status=ready",
  "ip": "::ffff:127.0.0.1",
  "userAgent": "Mozilla/5.0 (X11; Linux x86_64; rv:128.0) Gecko/20100101 Firefox/128.0"
}
2025-08-14 16:05:44 [INFO]: Incoming Request
Metadata: {
  "service": "cyber-range-backend",
  "category": "ACCESS",
  "method": "GET",
  "url": "/api/matches/active",
  "ip": "::ffff:127.0.0.1",
  "userAgent": "Mozilla/5.0 (X11; Linux x86_64; rv:128.0) Gecko/20100101 Firefox/128.0"
}
2025-08-14 16:05:44 [INFO]: Response Sent
Metadata: {
  "service": "cyber-range-backend",
  "category": "ACCESS",
  "method": "GET",
  "url": "/api/matches?status=ready",
  "statusCode": 304,
  "duration": "24ms",
  "userId": 1
}
2025-08-14 16:05:44 [INFO]: Incoming Request
Metadata: {
  "service": "cyber-range-backend",
  "category": "ACCESS",
  "method": "GET",
  "url": "/api/teams?search=&status=active",
  "ip": "::ffff:127.0.0.1",
  "userAgent": "Mozilla/5.0 (X11; Linux x86_64; rv:128.0) Gecko/20100101 Firefox/128.0"
}
2025-08-14 16:05:44 [INFO]: Response Sent
Metadata: {
  "service": "cyber-range-backend",
  "category": "ACCESS",
  "method": "GET",
  "url": "/api/matches/active",
  "statusCode": 200,
  "duration": "41ms",
  "userId": 1
}
2025-08-14 16:05:44 [INFO]: Incoming Request
Metadata: {
  "service": "cyber-range-backend",
  "category": "ACCESS",
  "method": "GET",
  "url": "/api/matches?status=ready",
  "ip": "::ffff:127.0.0.1",
  "userAgent": "Mozilla/5.0 (X11; Linux x86_64; rv:128.0) Gecko/20100101 Firefox/128.0"
}
2025-08-14 16:05:44 [INFO]: Response Sent
Metadata: {
  "service": "cyber-range-backend",
  "category": "ACCESS",
  "method": "GET",
  "url": "/api/teams?search=&status=active",
  "statusCode": 500,
  "duration": "54ms",
  "userId": 1
}
2025-08-14 16:05:44 [INFO]: Incoming Request
Metadata: {
  "service": "cyber-range-backend",
  "category": "ACCESS",
  "method": "GET",
  "url": "/api/teams?search=&status=active",
  "ip": "::ffff:127.0.0.1",
  "userAgent": "Mozilla/5.0 (X11; Linux x86_64; rv:128.0) Gecko/20100101 Firefox/128.0"
}
2025-08-14 16:05:44 [INFO]: Response Sent
Metadata: {
  "service": "cyber-range-backend",
  "category": "ACCESS",
  "method": "GET",
  "url": "/api/matches?status=ready",
  "statusCode": 200,
  "duration": "63ms",
  "userId": 1
}
2025-08-14 16:05:44 [INFO]: Response Sent
Metadata: {
  "service": "cyber-range-backend",
  "category": "ACCESS",
  "method": "GET",
  "url": "/api/teams?search=&status=active",
  "statusCode": 500,
  "duration": "38ms",
  "userId": 1
}
2025-08-14 16:05:55 [INFO]: Incoming Request
Metadata: {
  "service": "cyber-range-backend",
  "category": "ACCESS",
  "method": "GET",
  "url": "/api/labs",
  "ip": "::ffff:127.0.0.1",
  "userAgent": "Mozilla/5.0 (X11; Linux x86_64; rv:128.0) Gecko/20100101 Firefox/128.0"
}
2025-08-14 16:05:55 [INFO]: Response Sent
Metadata: {
  "service": "cyber-range-backend",
  "category": "ACCESS",
  "method": "GET",
  "url": "/api/labs",
  "statusCode": 304,
  "duration": "34ms",
  "userId": 1
}
2025-08-14 16:05:55 [INFO]: Incoming Request
Metadata: {
  "service": "cyber-range-backend",
  "category": "ACCESS",
  "method": "GET",
  "url": "/api/labs",
  "ip": "::ffff:127.0.0.1",
  "userAgent": "Mozilla/5.0 (X11; Linux x86_64; rv:128.0) Gecko/20100101 Firefox/128.0"
}
2025-08-14 16:05:55 [INFO]: Incoming Request
Metadata: {
  "service": "cyber-range-backend",
  "category": "ACCESS",
  "method": "GET",
  "url": "/api/flags/user-stats",
  "ip": "::ffff:127.0.0.1",
  "userAgent": "Mozilla/5.0 (X11; Linux x86_64; rv:128.0) Gecko/20100101 Firefox/128.0"
}
2025-08-14 16:05:55 [INFO]: Response Sent
Metadata: {
  "service": "cyber-range-backend",
  "category": "ACCESS",
  "method": "GET",
  "url": "/api/labs",
  "statusCode": 200,
  "duration": "38ms",
  "userId": 1
}
2025-08-14 16:05:55 [INFO]: Incoming Request
Metadata: {
  "service": "cyber-range-backend",
  "category": "ACCESS",
  "method": "GET",
  "url": "/api/flags/user-stats",
  "ip": "::ffff:127.0.0.1",
  "userAgent": "Mozilla/5.0 (X11; Linux x86_64; rv:128.0) Gecko/20100101 Firefox/128.0"
}
2025-08-14 16:05:55 [INFO]: Response Sent
Metadata: {
  "service": "cyber-range-backend",
  "category": "ACCESS",
  "method": "GET",
  "url": "/api/flags/user-stats",
  "statusCode": 304,
  "duration": "89ms",
  "userId": 1
}
2025-08-14 16:05:55 [INFO]: Response Sent
Metadata: {
  "service": "cyber-range-backend",
  "category": "ACCESS",
  "method": "GET",
  "url": "/api/flags/user-stats",
  "statusCode": 200,
  "duration": "79ms",
  "userId": 1
}
2025-08-14 16:06:41 [INFO]: Incoming Request
Metadata: {
  "service": "cyber-range-backend",
  "category": "ACCESS",
  "method": "GET",
  "url": "/api/auth/users",
  "ip": "::ffff:127.0.0.1",
  "userAgent": "Mozilla/5.0 (X11; Linux x86_64; rv:128.0) Gecko/20100101 Firefox/128.0"
}
2025-08-14 16:06:41 [INFO]: Incoming Request
Metadata: {
  "service": "cyber-range-backend",
  "category": "ACCESS",
  "method": "GET",
  "url": "/api/labs",
  "ip": "::ffff:127.0.0.1",
  "userAgent": "Mozilla/5.0 (X11; Linux x86_64; rv:128.0) Gecko/20100101 Firefox/128.0"
}
2025-08-14 16:06:41 [INFO]: Incoming Request
Metadata: {
  "service": "cyber-range-backend",
  "category": "ACCESS",
  "method": "GET",
  "url": "/api/vms",
  "ip": "::ffff:127.0.0.1",
  "userAgent": "Mozilla/5.0 (X11; Linux x86_64; rv:128.0) Gecko/20100101 Firefox/128.0"
}
2025-08-14 16:06:41 [INFO]: Incoming Request
Metadata: {
  "service": "cyber-range-backend",
  "category": "ACCESS",
  "method": "GET",
  "url": "/api/flags/leaderboard?limit=10",
  "ip": "::ffff:127.0.0.1",
  "userAgent": "Mozilla/5.0 (X11; Linux x86_64; rv:128.0) Gecko/20100101 Firefox/128.0"
}
2025-08-14 16:06:41 [INFO]: Incoming Request
Metadata: {
  "service": "cyber-range-backend",
  "category": "ACCESS",
  "method": "GET",
  "url": "/api/status",
  "ip": "::ffff:127.0.0.1",
  "userAgent": "Mozilla/5.0 (X11; Linux x86_64; rv:128.0) Gecko/20100101 Firefox/128.0"
}
2025-08-14 16:06:41 [INFO]: Incoming Request
Metadata: {
  "service": "cyber-range-backend",
  "category": "ACCESS",
  "method": "GET",
  "url": "/api/auth/users",
  "ip": "::ffff:127.0.0.1",
  "userAgent": "Mozilla/5.0 (X11; Linux x86_64; rv:128.0) Gecko/20100101 Firefox/128.0"
}
2025-08-14 16:06:41 [INFO]: Response Sent
Metadata: {
  "service": "cyber-range-backend",
  "category": "ACCESS",
  "method": "GET",
  "url": "/api/auth/users",
  "statusCode": 200,
  "duration": "204ms",
  "userId": 1
}
2025-08-14 16:06:41 [INFO]: Response Sent
Metadata: {
  "service": "cyber-range-backend",
  "category": "ACCESS",
  "method": "GET",
  "url": "/api/labs",
  "statusCode": 200,
  "duration": "200ms",
  "userId": 1
}
2025-08-14 16:06:41 [INFO]: Incoming Request
Metadata: {
  "service": "cyber-range-backend",
  "category": "ACCESS",
  "method": "GET",
  "url": "/api/labs",
  "ip": "::ffff:127.0.0.1",
  "userAgent": "Mozilla/5.0 (X11; Linux x86_64; rv:128.0) Gecko/20100101 Firefox/128.0"
}
2025-08-14 16:06:41 [INFO]: Response Sent
Metadata: {
  "service": "cyber-range-backend",
  "category": "ACCESS",
  "method": "GET",
  "url": "/api/vms",
  "statusCode": 200,
  "duration": "239ms",
  "userId": 1
}
2025-08-14 16:06:41 [INFO]: Incoming Request
Metadata: {
  "service": "cyber-range-backend",
  "category": "ACCESS",
  "method": "GET",
  "url": "/api/vms",
  "ip": "::ffff:127.0.0.1",
  "userAgent": "Mozilla/5.0 (X11; Linux x86_64; rv:128.0) Gecko/20100101 Firefox/128.0"
}
2025-08-14 16:06:41 [INFO]: Response Sent
Metadata: {
  "service": "cyber-range-backend",
  "category": "ACCESS",
  "method": "GET",
  "url": "/api/auth/users",
  "statusCode": 304,
  "duration": "132ms",
  "userId": 1
}
2025-08-14 16:06:41 [INFO]: Response Sent
Metadata: {
  "service": "cyber-range-backend",
  "category": "ACCESS",
  "method": "GET",
  "url": "/api/labs",
  "statusCode": 304,
  "duration": "77ms",
  "userId": 1
}
2025-08-14 16:06:41 [INFO]: Incoming Request
Metadata: {
  "service": "cyber-range-backend",
  "category": "ACCESS",
  "method": "GET",
  "url": "/api/flags/leaderboard?limit=10",
  "ip": "::ffff:127.0.0.1",
  "userAgent": "Mozilla/5.0 (X11; Linux x86_64; rv:128.0) Gecko/20100101 Firefox/128.0"
}
2025-08-14 16:06:41 [INFO]: Response Sent
Metadata: {
  "service": "cyber-range-backend",
  "category": "ACCESS",
  "method": "GET",
  "url": "/api/vms",
  "statusCode": 304,
  "duration": "70ms",
  "userId": 1
}
2025-08-14 16:06:41 [INFO]: Response Sent
Metadata: {
  "service": "cyber-range-backend",
  "category": "ACCESS",
  "method": "GET",
  "url": "/api/status",
  "statusCode": 200,
  "duration": "265ms"
}
2025-08-14 16:06:41 [INFO]: Incoming Request
Metadata: {
  "service": "cyber-range-backend",
  "category": "ACCESS",
  "method": "GET",
  "url": "/api/status",
  "ip": "::ffff:127.0.0.1",
  "userAgent": "Mozilla/5.0 (X11; Linux x86_64; rv:128.0) Gecko/20100101 Firefox/128.0"
}
2025-08-14 16:06:41 [INFO]: Response Sent
Metadata: {
  "service": "cyber-range-backend",
  "category": "ACCESS",
  "method": "GET",
  "url": "/api/flags/leaderboard?limit=10",
  "statusCode": 200,
  "duration": "318ms",
  "userId": 1
}
2025-08-14 16:06:41 [INFO]: Response Sent
Metadata: {
  "service": "cyber-range-backend",
  "category": "ACCESS",
  "method": "GET",
  "url": "/api/flags/leaderboard?limit=10",
  "statusCode": 304,
  "duration": "102ms",
  "userId": 1
}
2025-08-14 16:06:41 [INFO]: Response Sent
Metadata: {
  "service": "cyber-range-backend",
  "category": "ACCESS",
  "method": "GET",
  "url": "/api/status",
  "statusCode": 200,
  "duration": "115ms"
}
2025-08-14 16:07:28 [INFO]: Incoming Request
Metadata: {
  "service": "cyber-range-backend",
  "category": "ACCESS",
  "method": "GET",
  "url": "/api/labs",
  "ip": "::ffff:127.0.0.1",
  "userAgent": "Mozilla/5.0 (X11; Linux x86_64; rv:128.0) Gecko/20100101 Firefox/128.0"
}
2025-08-14 16:07:28 [INFO]: Incoming Request
Metadata: {
  "service": "cyber-range-backend",
  "category": "ACCESS",
  "method": "GET",
  "url": "/api/flags/user-stats",
  "ip": "::ffff:127.0.0.1",
  "userAgent": "Mozilla/5.0 (X11; Linux x86_64; rv:128.0) Gecko/20100101 Firefox/128.0"
}
2025-08-14 16:07:28 [INFO]: Incoming Request
Metadata: {
  "service": "cyber-range-backend",
  "category": "ACCESS",
  "method": "GET",
  "url": "/api/labs",
  "ip": "::ffff:127.0.0.1",
  "userAgent": "Mozilla/5.0 (X11; Linux x86_64; rv:128.0) Gecko/20100101 Firefox/128.0"
}
2025-08-14 16:07:28 [INFO]: Incoming Request
Metadata: {
  "service": "cyber-range-backend",
  "category": "ACCESS",
  "method": "GET",
  "url": "/api/flags/user-stats",
  "ip": "::ffff:127.0.0.1",
  "userAgent": "Mozilla/5.0 (X11; Linux x86_64; rv:128.0) Gecko/20100101 Firefox/128.0"
}
2025-08-14 16:07:28 [INFO]: Response Sent
Metadata: {
  "service": "cyber-range-backend",
  "category": "ACCESS",
  "method": "GET",
  "url": "/api/labs",
  "statusCode": 304,
  "duration": "98ms",
  "userId": 1
}
2025-08-14 16:07:28 [INFO]: Response Sent
Metadata: {
  "service": "cyber-range-backend",
  "category": "ACCESS",
  "method": "GET",
  "url": "/api/labs",
  "statusCode": 200,
  "duration": "88ms",
  "userId": 1
}
2025-08-14 16:07:28 [INFO]: Response Sent
Metadata: {
  "service": "cyber-range-backend",
  "category": "ACCESS",
  "method": "GET",
  "url": "/api/flags/user-stats",
  "statusCode": 200,
  "duration": "101ms",
  "userId": 1
}
2025-08-14 16:07:28 [INFO]: Response Sent
Metadata: {
  "service": "cyber-range-backend",
  "category": "ACCESS",
  "method": "GET",
  "url": "/api/flags/user-stats",
  "statusCode": 304,
  "duration": "150ms",
  "userId": 1
}
2025-08-14 16:10:25 [INFO]: Incoming Request
Metadata: {
  "service": "cyber-range-backend",
  "category": "ACCESS",
  "method": "GET",
  "url": "/api/auth/me",
  "ip": "::ffff:127.0.0.1",
  "userAgent": "Mozilla/5.0 (X11; Linux x86_64; rv:128.0) Gecko/20100101 Firefox/128.0"
}
2025-08-14 16:10:25 [INFO]: Incoming Request
Metadata: {
  "service": "cyber-range-backend",
  "category": "ACCESS",
  "method": "GET",
  "url": "/api/auth/me",
  "ip": "::ffff:127.0.0.1",
  "userAgent": "Mozilla/5.0 (X11; Linux x86_64; rv:128.0) Gecko/20100101 Firefox/128.0"
}
2025-08-14 16:10:25 [INFO]: Response Sent
Metadata: {
  "service": "cyber-range-backend",
  "category": "ACCESS",
  "method": "GET",
  "url": "/api/auth/me",
  "statusCode": 304,
  "duration": "52ms",
  "userId": 1
}
2025-08-14 16:10:25 [INFO]: Response Sent
Metadata: {
  "service": "cyber-range-backend",
  "category": "ACCESS",
  "method": "GET",
  "url": "/api/auth/me",
  "statusCode": 200,
  "duration": "67ms",
  "userId": 1
}
2025-08-14 16:10:25 [INFO]: Incoming Request
Metadata: {
  "service": "cyber-range-backend",
  "category": "ACCESS",
  "method": "GET",
  "url": "/api/labs",
  "ip": "::ffff:127.0.0.1",
  "userAgent": "Mozilla/5.0 (X11; Linux x86_64; rv:128.0) Gecko/20100101 Firefox/128.0"
}
2025-08-14 16:10:25 [INFO]: Response Sent
Metadata: {
  "service": "cyber-range-backend",
  "category": "ACCESS",
  "method": "GET",
  "url": "/api/labs",
  "statusCode": 304,
  "duration": "28ms",
  "userId": 1
}
2025-08-14 16:10:25 [INFO]: Incoming Request
Metadata: {
  "service": "cyber-range-backend",
  "category": "ACCESS",
  "method": "GET",
  "url": "/api/labs",
  "ip": "::ffff:127.0.0.1",
  "userAgent": "Mozilla/5.0 (X11; Linux x86_64; rv:128.0) Gecko/20100101 Firefox/128.0"
}
2025-08-14 16:10:25 [INFO]: Response Sent
Metadata: {
  "service": "cyber-range-backend",
  "category": "ACCESS",
  "method": "GET",
  "url": "/api/labs",
  "statusCode": 200,
  "duration": "27ms",
  "userId": 1
}
2025-08-14 16:10:25 [INFO]: Incoming Request
Metadata: {
  "service": "cyber-range-backend",
  "category": "ACCESS",
  "method": "GET",
  "url": "/api/flags/user-stats",
  "ip": "::ffff:127.0.0.1",
  "userAgent": "Mozilla/5.0 (X11; Linux x86_64; rv:128.0) Gecko/20100101 Firefox/128.0"
}
2025-08-14 16:10:25 [INFO]: Incoming Request
Metadata: {
  "service": "cyber-range-backend",
  "category": "ACCESS",
  "method": "GET",
  "url": "/api/flags/user-stats",
  "ip": "::ffff:127.0.0.1",
  "userAgent": "Mozilla/5.0 (X11; Linux x86_64; rv:128.0) Gecko/20100101 Firefox/128.0"
}
2025-08-14 16:10:25 [INFO]: Response Sent
Metadata: {
  "service": "cyber-range-backend",
  "category": "ACCESS",
  "method": "GET",
  "url": "/api/flags/user-stats",
  "statusCode": 304,
  "duration": "50ms",
  "userId": 1
}
2025-08-14 16:10:25 [INFO]: Response Sent
Metadata: {
  "service": "cyber-range-backend",
  "category": "ACCESS",
  "method": "GET",
  "url": "/api/flags/user-stats",
  "statusCode": 200,
  "duration": "74ms",
  "userId": 1
}
2025-08-14 16:17:30 [INFO]: Incoming Request
Metadata: {
  "service": "cyber-range-backend",
  "category": "ACCESS",
  "method": "GET",
  "url": "/api/auth/me",
  "ip": "::ffff:127.0.0.1",
  "userAgent": "Mozilla/5.0 (X11; Linux x86_64; rv:128.0) Gecko/20100101 Firefox/128.0"
}
2025-08-14 16:17:30 [INFO]: Incoming Request
Metadata: {
  "service": "cyber-range-backend",
  "category": "ACCESS",
  "method": "GET",
  "url": "/api/auth/me",
  "ip": "::ffff:127.0.0.1",
  "userAgent": "Mozilla/5.0 (X11; Linux x86_64; rv:128.0) Gecko/20100101 Firefox/128.0"
}
2025-08-14 16:17:30 [INFO]: Response Sent
Metadata: {
  "service": "cyber-range-backend",
  "category": "ACCESS",
  "method": "GET",
  "url": "/api/auth/me",
  "statusCode": 200,
  "duration": "84ms",
  "userId": 1
}
2025-08-14 16:17:30 [INFO]: Response Sent
Metadata: {
  "service": "cyber-range-backend",
  "category": "ACCESS",
  "method": "GET",
  "url": "/api/auth/me",
  "statusCode": 304,
  "duration": "57ms",
  "userId": 1
}
2025-08-14 16:17:32 [INFO]: Incoming Request
Metadata: {
  "service": "cyber-range-backend",
  "category": "ACCESS",
  "method": "GET",
  "url": "/api/labs",
  "ip": "::ffff:127.0.0.1",
  "userAgent": "Mozilla/5.0 (X11; Linux x86_64; rv:128.0) Gecko/20100101 Firefox/128.0"
}
2025-08-14 16:17:32 [INFO]: Response Sent
Metadata: {
  "service": "cyber-range-backend",
  "category": "ACCESS",
  "method": "GET",
  "url": "/api/labs",
  "statusCode": 304,
  "duration": "18ms",
  "userId": 1
}
2025-08-14 16:17:32 [INFO]: Incoming Request
Metadata: {
  "service": "cyber-range-backend",
  "category": "ACCESS",
  "method": "GET",
  "url": "/api/labs",
  "ip": "::ffff:127.0.0.1",
  "userAgent": "Mozilla/5.0 (X11; Linux x86_64; rv:128.0) Gecko/20100101 Firefox/128.0"
}
2025-08-14 16:17:32 [INFO]: Response Sent
Metadata: {
  "service": "cyber-range-backend",
  "category": "ACCESS",
  "method": "GET",
  "url": "/api/labs",
  "statusCode": 200,
  "duration": "17ms",
  "userId": 1
}
2025-08-14 16:17:32 [INFO]: Incoming Request
Metadata: {
  "service": "cyber-range-backend",
  "category": "ACCESS",
  "method": "GET",
  "url": "/api/flags/user-stats",
  "ip": "::ffff:127.0.0.1",
  "userAgent": "Mozilla/5.0 (X11; Linux x86_64; rv:128.0) Gecko/20100101 Firefox/128.0"
}
2025-08-14 16:17:32 [INFO]: Incoming Request
Metadata: {
  "service": "cyber-range-backend",
  "category": "ACCESS",
  "method": "GET",
  "url": "/api/flags/user-stats",
  "ip": "::ffff:127.0.0.1",
  "userAgent": "Mozilla/5.0 (X11; Linux x86_64; rv:128.0) Gecko/20100101 Firefox/128.0"
}
2025-08-14 16:17:32 [INFO]: Response Sent
Metadata: {
  "service": "cyber-range-backend",
  "category": "ACCESS",
  "method": "GET",
  "url": "/api/flags/user-stats",
  "statusCode": 200,
  "duration": "34ms",
  "userId": 1
}
2025-08-14 16:17:32 [INFO]: Response Sent
Metadata: {
  "service": "cyber-range-backend",
  "category": "ACCESS",
  "method": "GET",
  "url": "/api/flags/user-stats",
  "statusCode": 304,
  "duration": "46ms",
  "userId": 1
}
2025-08-14 16:17:36 [INFO]: Incoming Request
Metadata: {
  "service": "cyber-range-backend",
  "category": "ACCESS",
  "method": "GET",
  "url": "/api/auth/users",
  "ip": "::ffff:127.0.0.1",
  "userAgent": "Mozilla/5.0 (X11; Linux x86_64; rv:128.0) Gecko/20100101 Firefox/128.0"
}
2025-08-14 16:17:36 [INFO]: Incoming Request
Metadata: {
  "service": "cyber-range-backend",
  "category": "ACCESS",
  "method": "GET",
  "url": "/api/auth/users",
  "ip": "::ffff:127.0.0.1",
  "userAgent": "Mozilla/5.0 (X11; Linux x86_64; rv:128.0) Gecko/20100101 Firefox/128.0"
}
2025-08-14 16:17:36 [INFO]: Response Sent
Metadata: {
  "service": "cyber-range-backend",
  "category": "ACCESS",
  "method": "GET",
  "url": "/api/auth/users",
  "statusCode": 200,
  "duration": "30ms",
  "userId": 1
}
2025-08-14 16:17:36 [INFO]: Response Sent
Metadata: {
  "service": "cyber-range-backend",
  "category": "ACCESS",
  "method": "GET",
  "url": "/api/auth/users",
  "statusCode": 304,
  "duration": "25ms",
  "userId": 1
}
2025-08-14 16:17:40 [INFO]: Incoming Request
Metadata: {
  "service": "cyber-range-backend",
  "category": "ACCESS",
  "method": "GET",
  "url": "/api/labs",
  "ip": "::ffff:127.0.0.1",
  "userAgent": "Mozilla/5.0 (X11; Linux x86_64; rv:128.0) Gecko/20100101 Firefox/128.0"
}
2025-08-14 16:17:40 [INFO]: Incoming Request
Metadata: {
  "service": "cyber-range-backend",
  "category": "ACCESS",
  "method": "GET",
  "url": "/api/labs",
  "ip": "::ffff:127.0.0.1",
  "userAgent": "Mozilla/5.0 (X11; Linux x86_64; rv:128.0) Gecko/20100101 Firefox/128.0"
}
2025-08-14 16:17:40 [INFO]: Response Sent
Metadata: {
  "service": "cyber-range-backend",
  "category": "ACCESS",
  "method": "GET",
  "url": "/api/labs",
  "statusCode": 304,
  "duration": "31ms",
  "userId": 1
}
2025-08-14 16:17:40 [INFO]: Response Sent
Metadata: {
  "service": "cyber-range-backend",
  "category": "ACCESS",
  "method": "GET",
  "url": "/api/labs",
  "statusCode": 200,
  "duration": "39ms",
  "userId": 1
}
2025-08-14 16:17:47 [INFO]: Incoming Request
Metadata: {
  "service": "cyber-range-backend",
  "category": "ACCESS",
  "method": "GET",
  "url": "/api/matches/active",
  "ip": "::ffff:127.0.0.1",
  "userAgent": "Mozilla/5.0 (X11; Linux x86_64; rv:128.0) Gecko/20100101 Firefox/128.0"
}
2025-08-14 16:17:47 [INFO]: Incoming Request
Metadata: {
  "service": "cyber-range-backend",
  "category": "ACCESS",
  "method": "GET",
  "url": "/api/matches?status=ready",
  "ip": "::ffff:127.0.0.1",
  "userAgent": "Mozilla/5.0 (X11; Linux x86_64; rv:128.0) Gecko/20100101 Firefox/128.0"
}
2025-08-14 16:17:47 [INFO]: Response Sent
Metadata: {
  "service": "cyber-range-backend",
  "category": "ACCESS",
  "method": "GET",
  "url": "/api/matches/active",
  "statusCode": 200,
  "duration": "50ms",
  "userId": 1
}
2025-08-14 16:17:47 [INFO]: Incoming Request
Metadata: {
  "service": "cyber-range-backend",
  "category": "ACCESS",
  "method": "GET",
  "url": "/api/matches/active",
  "ip": "::ffff:127.0.0.1",
  "userAgent": "Mozilla/5.0 (X11; Linux x86_64; rv:128.0) Gecko/20100101 Firefox/128.0"
}
2025-08-14 16:17:47 [INFO]: Incoming Request
Metadata: {
  "service": "cyber-range-backend",
  "category": "ACCESS",
  "method": "GET",
  "url": "/api/matches?status=ready",
  "ip": "::ffff:127.0.0.1",
  "userAgent": "Mozilla/5.0 (X11; Linux x86_64; rv:128.0) Gecko/20100101 Firefox/128.0"
}
2025-08-14 16:17:47 [INFO]: Response Sent
Metadata: {
  "service": "cyber-range-backend",
  "category": "ACCESS",
  "method": "GET",
  "url": "/api/matches?status=ready",
  "statusCode": 200,
  "duration": "90ms",
  "userId": 1
}
2025-08-14 16:17:48 [INFO]: Incoming Request
Metadata: {
  "service": "cyber-range-backend",
  "category": "ACCESS",
  "method": "GET",
  "url": "/api/teams?search=&status=active",
  "ip": "::ffff:127.0.0.1",
  "userAgent": "Mozilla/5.0 (X11; Linux x86_64; rv:128.0) Gecko/20100101 Firefox/128.0"
}
2025-08-14 16:17:48 [INFO]: Response Sent
Metadata: {
  "service": "cyber-range-backend",
  "category": "ACCESS",
  "method": "GET",
  "url": "/api/matches/active",
  "statusCode": 304,
  "duration": "60ms",
  "userId": 1
}
2025-08-14 16:17:48 [INFO]: Incoming Request
Metadata: {
  "service": "cyber-range-backend",
  "category": "ACCESS",
  "method": "GET",
  "url": "/api/teams?search=&status=active",
  "ip": "::ffff:127.0.0.1",
  "userAgent": "Mozilla/5.0 (X11; Linux x86_64; rv:128.0) Gecko/20100101 Firefox/128.0"
}
2025-08-14 16:17:48 [INFO]: Response Sent
Metadata: {
  "service": "cyber-range-backend",
  "category": "ACCESS",
  "method": "GET",
  "url": "/api/matches?status=ready",
  "statusCode": 304,
  "duration": "98ms",
  "userId": 1
}
2025-08-14 16:17:48 [INFO]: Response Sent
Metadata: {
  "service": "cyber-range-backend",
  "category": "ACCESS",
  "method": "GET",
  "url": "/api/teams?search=&status=active",
  "statusCode": 500,
  "duration": "89ms",
  "userId": 1
}
2025-08-14 16:17:48 [INFO]: Response Sent
Metadata: {
  "service": "cyber-range-backend",
  "category": "ACCESS",
  "method": "GET",
  "url": "/api/teams?search=&status=active",
  "statusCode": 500,
  "duration": "77ms",
  "userId": 1
}
