2025-08-20 13:22:45 [ERROR]: Application Error WHERE parameter "username" has invalid "undefined" value
Error: WHERE parameter "username" has invalid "undefined" value
    at MySQLQueryGenerator.whereItemQuery (/home/kali/Downloads/cyberrangev1-main/backend/node_modules/sequelize/lib/dialects/abstract/query-generator.js:1746:13)
    at /home/kali/Downloads/cyberrangev1-main/backend/node_modules/sequelize/lib/dialects/abstract/query-generator.js:1737:25
    at Array.forEach (<anonymous>)
    at MySQLQueryGenerator.whereItemsQuery (/home/kali/Downloads/cyberrangev1-main/backend/node_modules/sequelize/lib/dialects/abstract/query-generator.js:1735:35)
    at MySQLQueryGenerator.getWhereConditions (/home/kali/Downloads/cyberrangev1-main/backend/node_modules/sequelize/lib/dialects/abstract/query-generator.js:2078:19)
    at MySQLQueryGenerator.selectQuery (/home/kali/Downloads/cyberrangev1-main/backend/node_modules/sequelize/lib/dialects/abstract/query-generator.js:991:28)
    at MySQLQueryInterface.select (/home/kali/Downloads/cyberrangev1-main/backend/node_modules/sequelize/lib/dialects/abstract/query-interface.js:407:59)
    at User.findAll (/home/kali/Downloads/cyberrangev1-main/backend/node_modules/sequelize/lib/model.js:1140:47)
    at process.processTicksAndRejections (node:internal/process/task_queues:95:5)
    at async User.findOne (/home/kali/Downloads/cyberrangev1-main/backend/node_modules/sequelize/lib/model.js:1240:12)
Metadata: {
  "service": "cyber-range-backend",
  "category": "ERROR",
  "name": "Error",
  "operation": "USER_LOGIN",
  "request": {
    "method": "POST",
    "url": "/api/auth/login",
    "ip": "::1",
    "userAgent": "curl/8.14.1",
    "body": {
      "email": "admin@gmail.com",
      "password": "password"
    }
  }
}
2025-08-20 14:13:17 [ERROR]: Application Error logger.info is not a function
TypeError: logger.info is not a function
    at exports.getCategoryData (/home/kali/Downloads/cyberrangev1-main/backend/controllers/analyticsController.js:146:10)
    at Layer.handleRequest (/home/kali/Downloads/cyberrangev1-main/backend/node_modules/router/lib/layer.js:152:17)
    at next (/home/kali/Downloads/cyberrangev1-main/backend/node_modules/router/lib/route.js:157:13)
    at exports.auth (/home/kali/Downloads/cyberrangev1-main/backend/middleware/auth.js:55:5)
    at Layer.handleRequest (/home/kali/Downloads/cyberrangev1-main/backend/node_modules/router/lib/layer.js:152:17)
    at next (/home/kali/Downloads/cyberrangev1-main/backend/node_modules/router/lib/route.js:157:13)
    at Route.dispatch (/home/kali/Downloads/cyberrangev1-main/backend/node_modules/router/lib/route.js:117:3)
    at handle (/home/kali/Downloads/cyberrangev1-main/backend/node_modules/router/index.js:435:11)
    at Layer.handleRequest (/home/kali/Downloads/cyberrangev1-main/backend/node_modules/router/lib/layer.js:152:17)
    at /home/kali/Downloads/cyberrangev1-main/backend/node_modules/router/index.js:295:15
Metadata: {
  "service": "cyber-range-backend",
  "category": "ERROR",
  "name": "TypeError",
  "request": {
    "method": "GET",
    "url": "/api/analytics/categories?range=month",
    "ip": "::ffff:127.0.0.1",
    "userAgent": "Mozilla/5.0 (X11; Linux x86_64; rv:128.0) Gecko/20100101 Firefox/128.0",
    "userId": 1
  }
}
2025-08-20 14:13:17 [ERROR]: Application Error logger.info is not a function
TypeError: logger.info is not a function
    at exports.getPerformanceData (/home/kali/Downloads/cyberrangev1-main/backend/controllers/analyticsController.js:11:10)
    at Layer.handleRequest (/home/kali/Downloads/cyberrangev1-main/backend/node_modules/router/lib/layer.js:152:17)
    at next (/home/kali/Downloads/cyberrangev1-main/backend/node_modules/router/lib/route.js:157:13)
    at exports.auth (/home/kali/Downloads/cyberrangev1-main/backend/middleware/auth.js:55:5)
    at Layer.handleRequest (/home/kali/Downloads/cyberrangev1-main/backend/node_modules/router/lib/layer.js:152:17)
    at next (/home/kali/Downloads/cyberrangev1-main/backend/node_modules/router/lib/route.js:157:13)
    at Route.dispatch (/home/kali/Downloads/cyberrangev1-main/backend/node_modules/router/lib/route.js:117:3)
    at handle (/home/kali/Downloads/cyberrangev1-main/backend/node_modules/router/index.js:435:11)
    at Layer.handleRequest (/home/kali/Downloads/cyberrangev1-main/backend/node_modules/router/lib/layer.js:152:17)
    at /home/kali/Downloads/cyberrangev1-main/backend/node_modules/router/index.js:295:15
Metadata: {
  "service": "cyber-range-backend",
  "category": "ERROR",
  "name": "TypeError",
  "request": {
    "method": "GET",
    "url": "/api/analytics/performance?range=month",
    "ip": "::ffff:127.0.0.1",
    "userAgent": "Mozilla/5.0 (X11; Linux x86_64; rv:128.0) Gecko/20100101 Firefox/128.0",
    "userId": 1
  }
}
2025-08-20 14:13:17 [ERROR]: Application Error logger.info is not a function
TypeError: logger.info is not a function
    at exports.getCategoryData (/home/kali/Downloads/cyberrangev1-main/backend/controllers/analyticsController.js:146:10)
    at Layer.handleRequest (/home/kali/Downloads/cyberrangev1-main/backend/node_modules/router/lib/layer.js:152:17)
    at next (/home/kali/Downloads/cyberrangev1-main/backend/node_modules/router/lib/route.js:157:13)
    at exports.auth (/home/kali/Downloads/cyberrangev1-main/backend/middleware/auth.js:55:5)
    at Layer.handleRequest (/home/kali/Downloads/cyberrangev1-main/backend/node_modules/router/lib/layer.js:152:17)
    at next (/home/kali/Downloads/cyberrangev1-main/backend/node_modules/router/lib/route.js:157:13)
    at Route.dispatch (/home/kali/Downloads/cyberrangev1-main/backend/node_modules/router/lib/route.js:117:3)
    at handle (/home/kali/Downloads/cyberrangev1-main/backend/node_modules/router/index.js:435:11)
    at Layer.handleRequest (/home/kali/Downloads/cyberrangev1-main/backend/node_modules/router/lib/layer.js:152:17)
    at /home/kali/Downloads/cyberrangev1-main/backend/node_modules/router/index.js:295:15
Metadata: {
  "service": "cyber-range-backend",
  "category": "ERROR",
  "name": "TypeError",
  "request": {
    "method": "GET",
    "url": "/api/analytics/categories?range=month",
    "ip": "::ffff:127.0.0.1",
    "userAgent": "Mozilla/5.0 (X11; Linux x86_64; rv:128.0) Gecko/20100101 Firefox/128.0",
    "userId": 1
  }
}
2025-08-20 14:13:17 [ERROR]: Application Error logger.info is not a function
TypeError: logger.info is not a function
    at exports.getPerformanceData (/home/kali/Downloads/cyberrangev1-main/backend/controllers/analyticsController.js:11:10)
    at Layer.handleRequest (/home/kali/Downloads/cyberrangev1-main/backend/node_modules/router/lib/layer.js:152:17)
    at next (/home/kali/Downloads/cyberrangev1-main/backend/node_modules/router/lib/route.js:157:13)
    at exports.auth (/home/kali/Downloads/cyberrangev1-main/backend/middleware/auth.js:55:5)
    at Layer.handleRequest (/home/kali/Downloads/cyberrangev1-main/backend/node_modules/router/lib/layer.js:152:17)
    at next (/home/kali/Downloads/cyberrangev1-main/backend/node_modules/router/lib/route.js:157:13)
    at Route.dispatch (/home/kali/Downloads/cyberrangev1-main/backend/node_modules/router/lib/route.js:117:3)
    at handle (/home/kali/Downloads/cyberrangev1-main/backend/node_modules/router/index.js:435:11)
    at Layer.handleRequest (/home/kali/Downloads/cyberrangev1-main/backend/node_modules/router/lib/layer.js:152:17)
    at /home/kali/Downloads/cyberrangev1-main/backend/node_modules/router/index.js:295:15
Metadata: {
  "service": "cyber-range-backend",
  "category": "ERROR",
  "name": "TypeError",
  "request": {
    "method": "GET",
    "url": "/api/analytics/performance?range=month",
    "ip": "::ffff:127.0.0.1",
    "userAgent": "Mozilla/5.0 (X11; Linux x86_64; rv:128.0) Gecko/20100101 Firefox/128.0",
    "userId": 1
  }
}
